2025-03-21T14:03:03.444Z error: TSError: тип Unable to compile TypeScript:
[96msrc/shared/middleware/rateLimiter.ts[0m:[93m206[0m:[93m26[0m - [91merror[0m[90m TS2339: [0mProperty 'user' does not exist on type 'Request<ParamsDictionary, any, any, ParsedQs, Record<string, any>>'.

[7m206[0m       const userId = req.user?.userId || "anonymous";
[7m   [0m [91m                         ~~~~[0m

    at createTSError (C:\Users\siuol\OneDrive\Documents\mn_school_db_v2\node_modules\ts-node\src\index.ts:859:12)
    at reportTSError (C:\Users\siuol\OneDrive\Documents\mn_school_db_v2\node_modules\ts-node\src\index.ts:863:19)
    at getOutput (C:\Users\siuol\OneDrive\Documents\mn_school_db_v2\node_modules\ts-node\src\index.ts:1077:36)
    at Object.compile (C:\Users\siuol\OneDrive\Documents\mn_school_db_v2\node_modules\ts-node\src\index.ts:1433:41)
    at Module.m._compile (C:\Users\siuol\OneDrive\Documents\mn_school_db_v2\node_modules\ts-node\src\index.ts:1617:30)
    at Module._extensions..js (node:internal/modules/cjs/loader:1310:10)
    at Object.require.extensions.<computed> [as .ts] (C:\Users\siuol\OneDrive\Documents\mn_school_db_v2\node_modules\ts-node\src\index.ts:1621:12)
    at Module.load (node:internal/modules/cjs/loader:1119:32)
    at Function.Module._load (node:internal/modules/cjs/loader:960:12)
    at Module.require (node:internal/modules/cjs/loader:1143:19)
2025-03-21T14:05:59.392Z error: TSError: тип Unable to compile TypeScript:
[96msrc/shared/middleware/rateLimiter.ts[0m:[93m206[0m:[93m26[0m - [91merror[0m[90m TS2339: [0mProperty 'user' does not exist on type 'Request<ParamsDictionary, any, any, ParsedQs, Record<string, any>>'.

[7m206[0m       const userId = req.user?.userId || "anonymous";
[7m   [0m [91m                         ~~~~[0m

    at createTSError (C:\Users\siuol\OneDrive\Documents\mn_school_db_v2\node_modules\ts-node\src\index.ts:859:12)
    at reportTSError (C:\Users\siuol\OneDrive\Documents\mn_school_db_v2\node_modules\ts-node\src\index.ts:863:19)
    at getOutput (C:\Users\siuol\OneDrive\Documents\mn_school_db_v2\node_modules\ts-node\src\index.ts:1077:36)
    at Object.compile (C:\Users\siuol\OneDrive\Documents\mn_school_db_v2\node_modules\ts-node\src\index.ts:1433:41)
    at Module.m._compile (C:\Users\siuol\OneDrive\Documents\mn_school_db_v2\node_modules\ts-node\src\index.ts:1617:30)
    at Module._extensions..js (node:internal/modules/cjs/loader:1310:10)
    at Object.require.extensions.<computed> [as .ts] (C:\Users\siuol\OneDrive\Documents\mn_school_db_v2\node_modules\ts-node\src\index.ts:1621:12)
    at Module.load (node:internal/modules/cjs/loader:1119:32)
    at Function.Module._load (node:internal/modules/cjs/loader:960:12)
    at Module.require (node:internal/modules/cjs/loader:1143:19)
2025-03-21T14:06:40.953Z error: TSError: тип Unable to compile TypeScript:
[96msrc/shared/middleware/rateLimiter.ts[0m:[93m206[0m:[93m26[0m - [91merror[0m[90m TS2339: [0mProperty 'user' does not exist on type 'Request<ParamsDictionary, any, any, ParsedQs, Record<string, any>>'.

[7m206[0m       const userId = req.user?.userId || "anonymous";
[7m   [0m [91m                         ~~~~[0m

    at createTSError (C:\Users\siuol\OneDrive\Documents\mn_school_db_v2\node_modules\ts-node\src\index.ts:859:12)
    at reportTSError (C:\Users\siuol\OneDrive\Documents\mn_school_db_v2\node_modules\ts-node\src\index.ts:863:19)
    at getOutput (C:\Users\siuol\OneDrive\Documents\mn_school_db_v2\node_modules\ts-node\src\index.ts:1077:36)
    at Object.compile (C:\Users\siuol\OneDrive\Documents\mn_school_db_v2\node_modules\ts-node\src\index.ts:1433:41)
    at Module.m._compile (C:\Users\siuol\OneDrive\Documents\mn_school_db_v2\node_modules\ts-node\src\index.ts:1617:30)
    at Module._extensions..js (node:internal/modules/cjs/loader:1310:10)
    at Object.require.extensions.<computed> [as .ts] (C:\Users\siuol\OneDrive\Documents\mn_school_db_v2\node_modules\ts-node\src\index.ts:1621:12)
    at Module.load (node:internal/modules/cjs/loader:1119:32)
    at Function.Module._load (node:internal/modules/cjs/loader:960:12)
    at Module.require (node:internal/modules/cjs/loader:1143:19)
2025-03-21T14:08:22.455Z error: TSError: тип Unable to compile TypeScript:
[96msrc/shared/middleware/requestLogger.ts[0m:[93m76[0m:[93m21[0m - [91merror[0m[90m TS2339: [0mProperty 'user' does not exist on type 'Request<ParamsDictionary, any, any, ParsedQs, Record<string, any>>'.

[7m76[0m         userId: req.user?.userId || "anonymous",
[7m  [0m [91m                    ~~~~[0m

    at createTSError (C:\Users\siuol\OneDrive\Documents\mn_school_db_v2\node_modules\ts-node\src\index.ts:859:12)
    at reportTSError (C:\Users\siuol\OneDrive\Documents\mn_school_db_v2\node_modules\ts-node\src\index.ts:863:19)
    at getOutput (C:\Users\siuol\OneDrive\Documents\mn_school_db_v2\node_modules\ts-node\src\index.ts:1077:36)
    at Object.compile (C:\Users\siuol\OneDrive\Documents\mn_school_db_v2\node_modules\ts-node\src\index.ts:1433:41)
    at Module.m._compile (C:\Users\siuol\OneDrive\Documents\mn_school_db_v2\node_modules\ts-node\src\index.ts:1617:30)
    at Module._extensions..js (node:internal/modules/cjs/loader:1310:10)
    at Object.require.extensions.<computed> [as .ts] (C:\Users\siuol\OneDrive\Documents\mn_school_db_v2\node_modules\ts-node\src\index.ts:1621:12)
    at Module.load (node:internal/modules/cjs/loader:1119:32)
    at Function.Module._load (node:internal/modules/cjs/loader:960:12)
    at Module.require (node:internal/modules/cjs/loader:1143:19)
2025-03-21T15:04:18.481Z error: TSError: тип Unable to compile TypeScript:
[96msrc/features/auth/service.ts[0m:[93m130[0m:[93m40[0m - [91merror[0m[90m TS2339: [0mProperty 'verifyPassword' does not exist on type 'UserInterface'.

[7m130[0m     const isPasswordValid = await user.verifyPassword(password);
[7m   [0m [91m                                       ~~~~~~~~~~~~~~[0m
[96msrc/features/auth/service.ts[0m:[93m325[0m:[93m11[0m - [91merror[0m[90m TS2552: [0mCannot find name 'User'. Did you mean 'user'?

[7m325[0m     await User.update(
[7m   [0m [91m          ~~~~[0m

  [96msrc/features/auth/service.ts[0m:[93m313[0m:[93m11[0m
    [7m313[0m     const user = await this.repository.findUserByResetToken(token);
    [7m   [0m [96m          ~~~~[0m
    'user' is declared here.

    at createTSError (C:\Users\siuol\OneDrive\Documents\mn_school_db_v2\node_modules\ts-node\src\index.ts:859:12)
    at reportTSError (C:\Users\siuol\OneDrive\Documents\mn_school_db_v2\node_modules\ts-node\src\index.ts:863:19)
    at getOutput (C:\Users\siuol\OneDrive\Documents\mn_school_db_v2\node_modules\ts-node\src\index.ts:1077:36)
    at Object.compile (C:\Users\siuol\OneDrive\Documents\mn_school_db_v2\node_modules\ts-node\src\index.ts:1433:41)
    at Module.m._compile (C:\Users\siuol\OneDrive\Documents\mn_school_db_v2\node_modules\ts-node\src\index.ts:1617:30)
    at Module._extensions..js (node:internal/modules/cjs/loader:1310:10)
    at Object.require.extensions.<computed> [as .ts] (C:\Users\siuol\OneDrive\Documents\mn_school_db_v2\node_modules\ts-node\src\index.ts:1621:12)
    at Module.load (node:internal/modules/cjs/loader:1119:32)
    at Function.Module._load (node:internal/modules/cjs/loader:960:12)
    at Module.require (node:internal/modules/cjs/loader:1143:19)
2025-03-21T15:06:24.450Z error: TSError: тип Unable to compile TypeScript:
[96msrc/features/users/model.ts[0m:[93m65[0m:[93m3[0m - [91merror[0m[90m TS2345: [0mArgument of type '{ id: { type: DataTypes.AbstractDataTypeConstructor; primaryKey: true; defaultValue: DataTypes.AbstractDataTypeConstructor; }; username: { type: DataTypes.StringDataType; allowNull: false; unique: true; }; ... 13 more ...; phoneNumber: { ...; }; }' is not assignable to parameter of type 'ModelAttributes<User, Optional<UserInterface, never>>'.
  Property 'verifyPassword' is missing in type '{ id: { type: DataTypes.AbstractDataTypeConstructor; primaryKey: true; defaultValue: DataTypes.AbstractDataTypeConstructor; }; username: { type: DataTypes.StringDataType; allowNull: false; unique: true; }; ... 13 more ...; phoneNumber: { ...; }; }' but required in type 'ModelAttributes<User, Optional<UserInterface, never>>'.

[7m 65[0m   {
[7m   [0m [91m  ~[0m
[7m 66[0m     id: {
[7m   [0m [91m~~~~~~~~~[0m
[7m...[0m 
[7m139[0m     },
[7m   [0m [91m~~~~~~[0m
[7m140[0m   },
[7m   [0m [91m~~~[0m

  [96msrc/features/users/interfaces.ts[0m:[93m20[0m:[93m3[0m
    [7m20[0m   verifyPassword(password: string): Promise<boolean>;
    [7m  [0m [96m  ~~~~~~~~~~~~~~~~~~~~~~~~~~~~~~~~~~~~~~~~~~~~~~~~~~~[0m
    'verifyPassword' is declared here.

    at createTSError (C:\Users\siuol\OneDrive\Documents\mn_school_db_v2\node_modules\ts-node\src\index.ts:859:12)
    at reportTSError (C:\Users\siuol\OneDrive\Documents\mn_school_db_v2\node_modules\ts-node\src\index.ts:863:19)
    at getOutput (C:\Users\siuol\OneDrive\Documents\mn_school_db_v2\node_modules\ts-node\src\index.ts:1077:36)
    at Object.compile (C:\Users\siuol\OneDrive\Documents\mn_school_db_v2\node_modules\ts-node\src\index.ts:1433:41)
    at Module.m._compile (C:\Users\siuol\OneDrive\Documents\mn_school_db_v2\node_modules\ts-node\src\index.ts:1617:30)
    at Module._extensions..js (node:internal/modules/cjs/loader:1310:10)
    at Object.require.extensions.<computed> [as .ts] (C:\Users\siuol\OneDrive\Documents\mn_school_db_v2\node_modules\ts-node\src\index.ts:1621:12)
    at Module.load (node:internal/modules/cjs/loader:1119:32)
    at Function.Module._load (node:internal/modules/cjs/loader:960:12)
    at Module.require (node:internal/modules/cjs/loader:1143:19)
2025-03-21T15:11:23.918Z error: Error: Role.belongsToMany called with something that's not a subclass of Sequelize.Model
    at Function.belongsToMany (C:\Users\siuol\OneDrive\Documents\mn_school_db_v2\node_modules\sequelize\src\associations\mixin.js:49:13)
    at Object.<anonymous> (C:\Users\siuol\OneDrive\Documents\mn_school_db_v2\src\features\rbac\models\roles.model.ts:50:6)
    at Module._compile (node:internal/modules/cjs/loader:1256:14)
    at Module.m._compile (C:\Users\siuol\OneDrive\Documents\mn_school_db_v2\node_modules\ts-node\src\index.ts:1618:23)
    at Module._extensions..js (node:internal/modules/cjs/loader:1310:10)
    at Object.require.extensions.<computed> [as .ts] (C:\Users\siuol\OneDrive\Documents\mn_school_db_v2\node_modules\ts-node\src\index.ts:1621:12)
    at Module.load (node:internal/modules/cjs/loader:1119:32)
    at Function.Module._load (node:internal/modules/cjs/loader:960:12)
    at Module.require (node:internal/modules/cjs/loader:1143:19)
    at require (node:internal/modules/cjs/helpers:119:18)
2025-03-21T15:12:49.893Z error: Error: Role.belongsToMany called with something that's not a subclass of Sequelize.Model
    at Function.belongsToMany (C:\Users\siuol\OneDrive\Documents\mn_school_db_v2\node_modules\sequelize\src\associations\mixin.js:49:13)
    at Object.<anonymous> (C:\Users\siuol\OneDrive\Documents\mn_school_db_v2\src\features\rbac\models\roles.model.ts:50:6)
    at Module._compile (node:internal/modules/cjs/loader:1256:14)
    at Module.m._compile (C:\Users\siuol\OneDrive\Documents\mn_school_db_v2\node_modules\ts-node\src\index.ts:1618:23)
    at Module._extensions..js (node:internal/modules/cjs/loader:1310:10)
    at Object.require.extensions.<computed> [as .ts] (C:\Users\siuol\OneDrive\Documents\mn_school_db_v2\node_modules\ts-node\src\index.ts:1621:12)
    at Module.load (node:internal/modules/cjs/loader:1119:32)
    at Function.Module._load (node:internal/modules/cjs/loader:960:12)
    at Module.require (node:internal/modules/cjs/loader:1143:19)
    at require (node:internal/modules/cjs/helpers:119:18)
2025-03-21T15:18:24.388Z error: Error: Role.belongsToMany called with something that's not a subclass of Sequelize.Model
    at Function.belongsToMany (C:\Users\siuol\OneDrive\Documents\mn_school_db_v2\node_modules\sequelize\src\associations\mixin.js:49:13)
    at Object.<anonymous> (C:\Users\siuol\OneDrive\Documents\mn_school_db_v2\src\features\rbac\models\roles.model.ts:50:6)
    at Module._compile (node:internal/modules/cjs/loader:1256:14)
    at Module.m._compile (C:\Users\siuol\OneDrive\Documents\mn_school_db_v2\node_modules\ts-node\src\index.ts:1618:23)
    at Module._extensions..js (node:internal/modules/cjs/loader:1310:10)
    at Object.require.extensions.<computed> [as .ts] (C:\Users\siuol\OneDrive\Documents\mn_school_db_v2\node_modules\ts-node\src\index.ts:1621:12)
    at Module.load (node:internal/modules/cjs/loader:1119:32)
    at Function.Module._load (node:internal/modules/cjs/loader:960:12)
    at Module.require (node:internal/modules/cjs/loader:1143:19)
    at require (node:internal/modules/cjs/helpers:119:18)
2025-03-21T15:23:14.443Z error: Error: Role.belongsToMany called with something that's not a subclass of Sequelize.Model
    at Function.belongsToMany (C:\Users\siuol\OneDrive\Documents\mn_school_db_v2\node_modules\sequelize\src\associations\mixin.js:49:13)
    at Object.<anonymous> (C:\Users\siuol\OneDrive\Documents\mn_school_db_v2\src\features\rbac\models\roles.model.ts:50:6)
    at Module._compile (node:internal/modules/cjs/loader:1256:14)
    at Module.m._compile (C:\Users\siuol\OneDrive\Documents\mn_school_db_v2\node_modules\ts-node\src\index.ts:1618:23)
    at Module._extensions..js (node:internal/modules/cjs/loader:1310:10)
    at Object.require.extensions.<computed> [as .ts] (C:\Users\siuol\OneDrive\Documents\mn_school_db_v2\node_modules\ts-node\src\index.ts:1621:12)
    at Module.load (node:internal/modules/cjs/loader:1119:32)
    at Function.Module._load (node:internal/modules/cjs/loader:960:12)
    at Module.require (node:internal/modules/cjs/loader:1143:19)
    at require (node:internal/modules/cjs/helpers:119:18)
2025-03-21T15:24:29.383Z error: Error: Role.belongsToMany called with something that's not a subclass of Sequelize.Model
    at Function.belongsToMany (C:\Users\siuol\OneDrive\Documents\mn_school_db_v2\node_modules\sequelize\src\associations\mixin.js:49:13)
    at Object.<anonymous> (C:\Users\siuol\OneDrive\Documents\mn_school_db_v2\src\features\rbac\models\roles.model.ts:50:6)
    at Module._compile (node:internal/modules/cjs/loader:1256:14)
    at Module.m._compile (C:\Users\siuol\OneDrive\Documents\mn_school_db_v2\node_modules\ts-node\src\index.ts:1618:23)
    at Module._extensions..js (node:internal/modules/cjs/loader:1310:10)
    at Object.require.extensions.<computed> [as .ts] (C:\Users\siuol\OneDrive\Documents\mn_school_db_v2\node_modules\ts-node\src\index.ts:1621:12)
    at Module.load (node:internal/modules/cjs/loader:1119:32)
    at Function.Module._load (node:internal/modules/cjs/loader:960:12)
    at Module.require (node:internal/modules/cjs/loader:1143:19)
    at require (node:internal/modules/cjs/helpers:119:18)
2025-03-21T15:28:31.205Z error: Error: No Sequelize instance passed
    at Function.init (C:\Users\siuol\OneDrive\Documents\mn_school_db_v2\node_modules\sequelize\src\model.js:960:13)
    at Object.<anonymous> (C:\Users\siuol\OneDrive\Documents\mn_school_db_v2\src\features\rbac\models\roles.model.ts:22:6)
    at Module._compile (node:internal/modules/cjs/loader:1256:14)
    at Module.m._compile (C:\Users\siuol\OneDrive\Documents\mn_school_db_v2\node_modules\ts-node\src\index.ts:1618:23)
    at Module._extensions..js (node:internal/modules/cjs/loader:1310:10)
    at Object.require.extensions.<computed> [as .ts] (C:\Users\siuol\OneDrive\Documents\mn_school_db_v2\node_modules\ts-node\src\index.ts:1621:12)
    at Module.load (node:internal/modules/cjs/loader:1119:32)
    at Function.Module._load (node:internal/modules/cjs/loader:960:12)
    at Module.require (node:internal/modules/cjs/loader:1143:19)
    at require (node:internal/modules/cjs/helpers:119:18)
2025-03-21T15:29:14.149Z error: Error: No Sequelize instance passed
    at Function.init (C:\Users\siuol\OneDrive\Documents\mn_school_db_v2\node_modules\sequelize\src\model.js:960:13)
    at Object.<anonymous> (C:\Users\siuol\OneDrive\Documents\mn_school_db_v2\src\features\users\model.ts:66:6)
    at Module._compile (node:internal/modules/cjs/loader:1256:14)
    at Module.m._compile (C:\Users\siuol\OneDrive\Documents\mn_school_db_v2\node_modules\ts-node\src\index.ts:1618:23)
    at Module._extensions..js (node:internal/modules/cjs/loader:1310:10)
    at Object.require.extensions.<computed> [as .ts] (C:\Users\siuol\OneDrive\Documents\mn_school_db_v2\node_modules\ts-node\src\index.ts:1621:12)
    at Module.load (node:internal/modules/cjs/loader:1119:32)
    at Function.Module._load (node:internal/modules/cjs/loader:960:12)
    at Module.require (node:internal/modules/cjs/loader:1143:19)
    at require (node:internal/modules/cjs/helpers:119:18)
2025-03-21T15:29:36.449Z error: Error: No Sequelize instance passed
    at Function.init (C:\Users\siuol\OneDrive\Documents\mn_school_db_v2\node_modules\sequelize\src\model.js:960:13)
    at Object.<anonymous> (C:\Users\siuol\OneDrive\Documents\mn_school_db_v2\src\features\users\model.ts:66:6)
    at Module._compile (node:internal/modules/cjs/loader:1256:14)
    at Module.m._compile (C:\Users\siuol\OneDrive\Documents\mn_school_db_v2\node_modules\ts-node\src\index.ts:1618:23)
    at Module._extensions..js (node:internal/modules/cjs/loader:1310:10)
    at Object.require.extensions.<computed> [as .ts] (C:\Users\siuol\OneDrive\Documents\mn_school_db_v2\node_modules\ts-node\src\index.ts:1621:12)
    at Module.load (node:internal/modules/cjs/loader:1119:32)
    at Function.Module._load (node:internal/modules/cjs/loader:960:12)
    at Module.require (node:internal/modules/cjs/loader:1143:19)
    at require (node:internal/modules/cjs/helpers:119:18)
2025-03-21T15:36:08.442Z error: Error: No Sequelize instance passed
    at Function.init (C:\Users\siuol\OneDrive\Documents\mn_school_db_v2\node_modules\sequelize\src\model.js:960:13)
    at Object.<anonymous> (C:\Users\siuol\OneDrive\Documents\mn_school_db_v2\src\features\users\model.ts:66:6)
    at Module._compile (node:internal/modules/cjs/loader:1256:14)
    at Module.m._compile (C:\Users\siuol\OneDrive\Documents\mn_school_db_v2\node_modules\ts-node\src\index.ts:1618:23)
    at Module._extensions..js (node:internal/modules/cjs/loader:1310:10)
    at Object.require.extensions.<computed> [as .ts] (C:\Users\siuol\OneDrive\Documents\mn_school_db_v2\node_modules\ts-node\src\index.ts:1621:12)
    at Module.load (node:internal/modules/cjs/loader:1119:32)
    at Function.Module._load (node:internal/modules/cjs/loader:960:12)
    at Module.require (node:internal/modules/cjs/loader:1143:19)
    at require (node:internal/modules/cjs/helpers:119:18)
2025-03-21T15:38:22.375Z error: TSError: тип Unable to compile TypeScript:
[96msrc/config/sequelize.ts[0m:[93m13[0m:[93m24[0m - [91merror[0m[90m TS2339: [0mProperty 'name' does not exist on type '{ host: string; port: number; username: string; password: string; database: string; url: string; }'.

[7m13[0m     appConfig.database.name,
[7m  [0m [91m                       ~~~~[0m
[96msrc/config/sequelize.ts[0m:[93m38[0m:[93m24[0m - [91merror[0m[90m TS2339: [0mProperty 'name' does not exist on type '{ host: string; port: number; username: string; password: string; database: string; url: string; }'.

[7m38[0m     appConfig.database.name,
[7m  [0m [91m                       ~~~~[0m

    at createTSError (C:\Users\siuol\OneDrive\Documents\mn_school_db_v2\node_modules\ts-node\src\index.ts:859:12)
    at reportTSError (C:\Users\siuol\OneDrive\Documents\mn_school_db_v2\node_modules\ts-node\src\index.ts:863:19)
    at getOutput (C:\Users\siuol\OneDrive\Documents\mn_school_db_v2\node_modules\ts-node\src\index.ts:1077:36)
    at Object.compile (C:\Users\siuol\OneDrive\Documents\mn_school_db_v2\node_modules\ts-node\src\index.ts:1433:41)
    at Module.m._compile (C:\Users\siuol\OneDrive\Documents\mn_school_db_v2\node_modules\ts-node\src\index.ts:1617:30)
    at Module._extensions..js (node:internal/modules/cjs/loader:1310:10)
    at Object.require.extensions.<computed> [as .ts] (C:\Users\siuol\OneDrive\Documents\mn_school_db_v2\node_modules\ts-node\src\index.ts:1621:12)
    at Module.load (node:internal/modules/cjs/loader:1119:32)
    at Function.Module._load (node:internal/modules/cjs/loader:960:12)
    at Module.require (node:internal/modules/cjs/loader:1143:19)
2025-03-22T02:56:20.952Z error: TSError: тип Unable to compile TypeScript:
[96msrc/features/users/model.ts[0m:[93m9[0m:[93m5[0m - [91merror[0m[90m TS2344: [0mType '"email" | "gender" | "dateOfBirth" | "countryCode" | "id" | "avatar" | "lastLogin" | "passwordResetToken" | "passwordResetExpires" | "verifyPassword" | "schoolId"' does not satisfy the constraint 'keyof UserInterface'.
  Type '"countryCode"' is not assignable to type 'keyof UserInterface'.

[7m  9[0m     | "id"
[7m   [0m [91m    ~~~~~~[0m
[7m 10[0m     | "lastLogin"
[7m   [0m [91m~~~~~~~~~~~~~~~~~[0m
[7m...[0m 
[7m 18[0m     | "email"
[7m   [0m [91m~~~~~~~~~~~~~[0m
[7m 19[0m     | "verifyPassword"
[7m   [0m [91m~~~~~~~~~~~~~~~~~~~~~~[0m
[96msrc/features/users/model.ts[0m:[93m108[0m:[93m5[0m - [91merror[0m[90m TS2353: [0mObject literal may only specify known properties, and 'schoolId' does not exist in type 'ModelAttributes<User, Optional<UserAttributes, never>>'.

[7m108[0m     schoolId: {
[7m   [0m [91m    ~~~~~~~~[0m

    at createTSError (C:\Users\siuol\OneDrive\Documents\mn_school_db_v2\node_modules\ts-node\src\index.ts:859:12)
    at reportTSError (C:\Users\siuol\OneDrive\Documents\mn_school_db_v2\node_modules\ts-node\src\index.ts:863:19)
    at getOutput (C:\Users\siuol\OneDrive\Documents\mn_school_db_v2\node_modules\ts-node\src\index.ts:1077:36)
    at Object.compile (C:\Users\siuol\OneDrive\Documents\mn_school_db_v2\node_modules\ts-node\src\index.ts:1433:41)
    at Module.m._compile (C:\Users\siuol\OneDrive\Documents\mn_school_db_v2\node_modules\ts-node\src\index.ts:1617:30)
    at Module._extensions..js (node:internal/modules/cjs/loader:1310:10)
    at Object.require.extensions.<computed> [as .ts] (C:\Users\siuol\OneDrive\Documents\mn_school_db_v2\node_modules\ts-node\src\index.ts:1621:12)
    at Module.load (node:internal/modules/cjs/loader:1119:32)
    at Function.Module._load (node:internal/modules/cjs/loader:960:12)
    at Module.require (node:internal/modules/cjs/loader:1143:19)
2025-03-22T02:58:14.650Z error: TSError: тип Unable to compile TypeScript:
[96msrc/features/users/model.ts[0m:[93m9[0m:[93m5[0m - [91merror[0m[90m TS2344: [0mType '"email" | "gender" | "dateOfBirth" | "countryCode" | "id" | "avatar" | "lastLogin" | "passwordResetToken" | "passwordResetExpires" | "verifyPassword" | "schoolId"' does not satisfy the constraint 'keyof UserInterface'.
  Type '"countryCode"' is not assignable to type 'keyof UserInterface'.

[7m  9[0m     | "id"
[7m   [0m [91m    ~~~~~~[0m
[7m 10[0m     | "lastLogin"
[7m   [0m [91m~~~~~~~~~~~~~~~~~[0m
[7m...[0m 
[7m 18[0m     | "email"
[7m   [0m [91m~~~~~~~~~~~~~[0m
[7m 19[0m     | "verifyPassword"
[7m   [0m [91m~~~~~~~~~~~~~~~~~~~~~~[0m
[96msrc/features/users/model.ts[0m:[93m108[0m:[93m5[0m - [91merror[0m[90m TS2353: [0mObject literal may only specify known properties, and 'schoolId' does not exist in type 'ModelAttributes<User, Optional<UserAttributes, never>>'.

[7m108[0m     schoolId: {
[7m   [0m [91m    ~~~~~~~~[0m

    at createTSError (C:\Users\siuol\OneDrive\Documents\mn_school_db_v2\node_modules\ts-node\src\index.ts:859:12)
    at reportTSError (C:\Users\siuol\OneDrive\Documents\mn_school_db_v2\node_modules\ts-node\src\index.ts:863:19)
    at getOutput (C:\Users\siuol\OneDrive\Documents\mn_school_db_v2\node_modules\ts-node\src\index.ts:1077:36)
    at Object.compile (C:\Users\siuol\OneDrive\Documents\mn_school_db_v2\node_modules\ts-node\src\index.ts:1433:41)
    at Module.m._compile (C:\Users\siuol\OneDrive\Documents\mn_school_db_v2\node_modules\ts-node\src\index.ts:1617:30)
    at Module._extensions..js (node:internal/modules/cjs/loader:1310:10)
    at Object.require.extensions.<computed> [as .ts] (C:\Users\siuol\OneDrive\Documents\mn_school_db_v2\node_modules\ts-node\src\index.ts:1621:12)
    at Module.load (node:internal/modules/cjs/loader:1119:32)
    at Function.Module._load (node:internal/modules/cjs/loader:960:12)
    at Module.require (node:internal/modules/cjs/loader:1143:19)
2025-03-22T02:58:51.868Z error: TSError: тип Unable to compile TypeScript:
[96msrc/features/users/model.ts[0m:[93m9[0m:[93m5[0m - [91merror[0m[90m TS2344: [0mType '"email" | "gender" | "dateOfBirth" | "countryCode" | "id" | "avatar" | "lastLogin" | "passwordResetToken" | "passwordResetExpires" | "verifyPassword" | "schoolId"' does not satisfy the constraint 'keyof UserInterface'.
  Type '"countryCode"' is not assignable to type 'keyof UserInterface'.

[7m  9[0m     | "id"
[7m   [0m [91m    ~~~~~~[0m
[7m 10[0m     | "lastLogin"
[7m   [0m [91m~~~~~~~~~~~~~~~~~[0m
[7m...[0m 
[7m 18[0m     | "email"
[7m   [0m [91m~~~~~~~~~~~~~[0m
[7m 19[0m     | "verifyPassword"
[7m   [0m [91m~~~~~~~~~~~~~~~~~~~~~~[0m
[96msrc/features/users/model.ts[0m:[93m108[0m:[93m5[0m - [91merror[0m[90m TS2353: [0mObject literal may only specify known properties, and 'schoolId' does not exist in type 'ModelAttributes<User, Optional<UserAttributes, never>>'.

[7m108[0m     schoolId: {
[7m   [0m [91m    ~~~~~~~~[0m

    at createTSError (C:\Users\siuol\OneDrive\Documents\mn_school_db_v2\node_modules\ts-node\src\index.ts:859:12)
    at reportTSError (C:\Users\siuol\OneDrive\Documents\mn_school_db_v2\node_modules\ts-node\src\index.ts:863:19)
    at getOutput (C:\Users\siuol\OneDrive\Documents\mn_school_db_v2\node_modules\ts-node\src\index.ts:1077:36)
    at Object.compile (C:\Users\siuol\OneDrive\Documents\mn_school_db_v2\node_modules\ts-node\src\index.ts:1433:41)
    at Module.m._compile (C:\Users\siuol\OneDrive\Documents\mn_school_db_v2\node_modules\ts-node\src\index.ts:1617:30)
    at Module._extensions..js (node:internal/modules/cjs/loader:1310:10)
    at Object.require.extensions.<computed> [as .ts] (C:\Users\siuol\OneDrive\Documents\mn_school_db_v2\node_modules\ts-node\src\index.ts:1621:12)
    at Module.load (node:internal/modules/cjs/loader:1119:32)
    at Function.Module._load (node:internal/modules/cjs/loader:960:12)
    at Module.require (node:internal/modules/cjs/loader:1143:19)
2025-03-22T02:59:52.815Z error: TSError: тип Unable to compile TypeScript:
[96msrc/features/users/model.ts[0m:[93m9[0m:[93m5[0m - [91merror[0m[90m TS2344: [0mType '"email" | "gender" | "dateOfBirth" | "countryCode" | "id" | "avatar" | "lastLogin" | "passwordResetToken" | "passwordResetExpires" | "verifyPassword" | "schoolId"' does not satisfy the constraint 'keyof UserInterface'.
  Type '"countryCode"' is not assignable to type 'keyof UserInterface'.

[7m  9[0m     | "id"
[7m   [0m [91m    ~~~~~~[0m
[7m 10[0m     | "lastLogin"
[7m   [0m [91m~~~~~~~~~~~~~~~~~[0m
[7m...[0m 
[7m 18[0m     | "email"
[7m   [0m [91m~~~~~~~~~~~~~[0m
[7m 19[0m     | "verifyPassword"
[7m   [0m [91m~~~~~~~~~~~~~~~~~~~~~~[0m
[96msrc/features/users/model.ts[0m:[93m108[0m:[93m5[0m - [91merror[0m[90m TS2353: [0mObject literal may only specify known properties, and 'schoolId' does not exist in type 'ModelAttributes<User, Optional<UserAttributes, never>>'.

[7m108[0m     schoolId: {
[7m   [0m [91m    ~~~~~~~~[0m

    at createTSError (C:\Users\siuol\OneDrive\Documents\mn_school_db_v2\node_modules\ts-node\src\index.ts:859:12)
    at reportTSError (C:\Users\siuol\OneDrive\Documents\mn_school_db_v2\node_modules\ts-node\src\index.ts:863:19)
    at getOutput (C:\Users\siuol\OneDrive\Documents\mn_school_db_v2\node_modules\ts-node\src\index.ts:1077:36)
    at Object.compile (C:\Users\siuol\OneDrive\Documents\mn_school_db_v2\node_modules\ts-node\src\index.ts:1433:41)
    at Module.m._compile (C:\Users\siuol\OneDrive\Documents\mn_school_db_v2\node_modules\ts-node\src\index.ts:1617:30)
    at Module._extensions..js (node:internal/modules/cjs/loader:1310:10)
    at Object.require.extensions.<computed> [as .ts] (C:\Users\siuol\OneDrive\Documents\mn_school_db_v2\node_modules\ts-node\src\index.ts:1621:12)
    at Module.load (node:internal/modules/cjs/loader:1119:32)
    at Function.Module._load (node:internal/modules/cjs/loader:960:12)
    at Module.require (node:internal/modules/cjs/loader:1143:19)
2025-03-22T03:00:28.766Z error: TSError: тип Unable to compile TypeScript:
[96msrc/features/users/model.ts[0m:[93m9[0m:[93m5[0m - [91merror[0m[90m TS2344: [0mType '"email" | "gender" | "dateOfBirth" | "countryCode" | "id" | "avatar" | "lastLogin" | "passwordResetToken" | "passwordResetExpires" | "verifyPassword" | "schoolId"' does not satisfy the constraint 'keyof UserInterface'.
  Type '"countryCode"' is not assignable to type 'keyof UserInterface'.

[7m  9[0m     | "id"
[7m   [0m [91m    ~~~~~~[0m
[7m 10[0m     | "lastLogin"
[7m   [0m [91m~~~~~~~~~~~~~~~~~[0m
[7m...[0m 
[7m 18[0m     | "email"
[7m   [0m [91m~~~~~~~~~~~~~[0m
[7m 19[0m     | "verifyPassword"
[7m   [0m [91m~~~~~~~~~~~~~~~~~~~~~~[0m
[96msrc/features/users/model.ts[0m:[93m108[0m:[93m5[0m - [91merror[0m[90m TS2353: [0mObject literal may only specify known properties, and 'schoolId' does not exist in type 'ModelAttributes<User, Optional<UserAttributes, never>>'.

[7m108[0m     schoolId: {
[7m   [0m [91m    ~~~~~~~~[0m

    at createTSError (C:\Users\siuol\OneDrive\Documents\mn_school_db_v2\node_modules\ts-node\src\index.ts:859:12)
    at reportTSError (C:\Users\siuol\OneDrive\Documents\mn_school_db_v2\node_modules\ts-node\src\index.ts:863:19)
    at getOutput (C:\Users\siuol\OneDrive\Documents\mn_school_db_v2\node_modules\ts-node\src\index.ts:1077:36)
    at Object.compile (C:\Users\siuol\OneDrive\Documents\mn_school_db_v2\node_modules\ts-node\src\index.ts:1433:41)
    at Module.m._compile (C:\Users\siuol\OneDrive\Documents\mn_school_db_v2\node_modules\ts-node\src\index.ts:1617:30)
    at Module._extensions..js (node:internal/modules/cjs/loader:1310:10)
    at Object.require.extensions.<computed> [as .ts] (C:\Users\siuol\OneDrive\Documents\mn_school_db_v2\node_modules\ts-node\src\index.ts:1621:12)
    at Module.load (node:internal/modules/cjs/loader:1119:32)
    at Function.Module._load (node:internal/modules/cjs/loader:960:12)
    at Module.require (node:internal/modules/cjs/loader:1143:19)
2025-03-22T03:00:44.248Z error: TSError: тип Unable to compile TypeScript:
[96msrc/features/users/model.ts[0m:[93m9[0m:[93m5[0m - [91merror[0m[90m TS2344: [0mType '"email" | "gender" | "dateOfBirth" | "countryCode" | "id" | "avatar" | "lastLogin" | "passwordResetToken" | "passwordResetExpires" | "verifyPassword" | "schoolId"' does not satisfy the constraint 'keyof UserInterface'.
  Type '"countryCode"' is not assignable to type 'keyof UserInterface'.

[7m  9[0m     | "id"
[7m   [0m [91m    ~~~~~~[0m
[7m 10[0m     | "lastLogin"
[7m   [0m [91m~~~~~~~~~~~~~~~~~[0m
[7m...[0m 
[7m 18[0m     | "email"
[7m   [0m [91m~~~~~~~~~~~~~[0m
[7m 19[0m     | "verifyPassword"
[7m   [0m [91m~~~~~~~~~~~~~~~~~~~~~~[0m
[96msrc/features/users/model.ts[0m:[93m108[0m:[93m5[0m - [91merror[0m[90m TS2353: [0mObject literal may only specify known properties, and 'schoolId' does not exist in type 'ModelAttributes<User, Optional<UserAttributes, never>>'.

[7m108[0m     schoolId: {
[7m   [0m [91m    ~~~~~~~~[0m

    at createTSError (C:\Users\siuol\OneDrive\Documents\mn_school_db_v2\node_modules\ts-node\src\index.ts:859:12)
    at reportTSError (C:\Users\siuol\OneDrive\Documents\mn_school_db_v2\node_modules\ts-node\src\index.ts:863:19)
    at getOutput (C:\Users\siuol\OneDrive\Documents\mn_school_db_v2\node_modules\ts-node\src\index.ts:1077:36)
    at Object.compile (C:\Users\siuol\OneDrive\Documents\mn_school_db_v2\node_modules\ts-node\src\index.ts:1433:41)
    at Module.m._compile (C:\Users\siuol\OneDrive\Documents\mn_school_db_v2\node_modules\ts-node\src\index.ts:1617:30)
    at Module._extensions..js (node:internal/modules/cjs/loader:1310:10)
    at Object.require.extensions.<computed> [as .ts] (C:\Users\siuol\OneDrive\Documents\mn_school_db_v2\node_modules\ts-node\src\index.ts:1621:12)
    at Module.load (node:internal/modules/cjs/loader:1119:32)
    at Function.Module._load (node:internal/modules/cjs/loader:960:12)
    at Module.require (node:internal/modules/cjs/loader:1143:19)
2025-03-22T07:24:16.668Z error: TSError: тип Unable to compile TypeScript:
[96msrc/seeders/rbac.seeder.ts[0m:[93m1[0m:[93m10[0m - [91merror[0m[90m TS2614: [0mModule '"../features/rbac/models/roles.model"' has no exported member 'Role'. Did you mean to use 'import Role from "../features/rbac/models/roles.model"' instead?

[7m1[0m import { Role } from "../features/rbac/models/roles.model";
[7m [0m [91m         ~~~~[0m
[96msrc/seeders/rbac.seeder.ts[0m:[93m2[0m:[93m10[0m - [91merror[0m[90m TS2614: [0mModule '"../features/rbac/models/permissions.model"' has no exported member 'Permission'. Did you mean to use 'import Permission from "../features/rbac/models/permissions.model"' instead?

[7m2[0m import { Permission } from "../features/rbac/models/permissions.model";
[7m [0m [91m         ~~~~~~~~~~[0m
[96msrc/seeders/rbac.seeder.ts[0m:[93m3[0m:[93m10[0m - [91merror[0m[90m TS2614: [0mModule '"../features/rbac/models/role-permission.model"' has no exported member 'RolePermission'. Did you mean to use 'import RolePermission from "../features/rbac/models/role-permission.model"' instead?

[7m3[0m import { RolePermission } from "../features/rbac/models/role-permission.model";
[7m [0m [91m         ~~~~~~~~~~~~~~[0m
[96msrc/seeders/rbac.seeder.ts[0m:[93m72[0m:[93m45[0m - [91merror[0m[90m TS7006: [0mParameter 'error' implicitly has an 'any' type.

[7m72[0m     const count = await Role.count().catch((error) => {
[7m  [0m [91m                                            ~~~~~[0m
[96msrc/seeders/rbac.seeder.ts[0m:[93m106[0m:[93m51[0m - [91merror[0m[90m TS7006: [0mParameter 'error' implicitly has an 'any' type.

[7m106[0m     const count = await Permission.count().catch((error) => {
[7m   [0m [91m                                                  ~~~~~[0m
[96msrc/seeders/rbac.seeder.ts[0m:[93m145[0m:[93m55[0m - [91merror[0m[90m TS7006: [0mParameter 'error' implicitly has an 'any' type.

[7m145[0m     const count = await RolePermission.count().catch((error) => {
[7m   [0m [91m                                                      ~~~~~[0m
[96msrc/seeders/rbac.seeder.ts[0m:[93m160[0m:[93m37[0m - [91merror[0m[90m TS7006: [0mParameter 'role' implicitly has an 'any' type.

[7m160[0m       const adminRole = roles.find((role) => role.name === "admin");
[7m   [0m [91m                                    ~~~~[0m
[96msrc/seeders/rbac.seeder.ts[0m:[93m162[0m:[93m51[0m - [91merror[0m[90m TS7006: [0mParameter 'permission' implicitly has an 'any' type.

[7m162[0m         const adminPermissions = permissions.map((permission) => ({
[7m   [0m [91m                                                  ~~~~~~~~~~[0m

    at createTSError (C:\Users\siuol\OneDrive\Documents\mn_school_db_v2\node_modules\ts-node\src\index.ts:859:12)
    at reportTSError (C:\Users\siuol\OneDrive\Documents\mn_school_db_v2\node_modules\ts-node\src\index.ts:863:19)
    at getOutput (C:\Users\siuol\OneDrive\Documents\mn_school_db_v2\node_modules\ts-node\src\index.ts:1077:36)
    at Object.compile (C:\Users\siuol\OneDrive\Documents\mn_school_db_v2\node_modules\ts-node\src\index.ts:1433:41)
    at Module.m._compile (C:\Users\siuol\OneDrive\Documents\mn_school_db_v2\node_modules\ts-node\src\index.ts:1617:30)
    at Module._extensions..js (node:internal/modules/cjs/loader:1310:10)
    at Object.require.extensions.<computed> [as .ts] (C:\Users\siuol\OneDrive\Documents\mn_school_db_v2\node_modules\ts-node\src\index.ts:1621:12)
    at Module.load (node:internal/modules/cjs/loader:1119:32)
    at Function.Module._load (node:internal/modules/cjs/loader:960:12)
    at Module.require (node:internal/modules/cjs/loader:1143:19)
2025-03-22T07:25:11.459Z error: TSError: тип Unable to compile TypeScript:
[96msrc/seeders/rbac.seeder.ts[0m:[93m133[0m:[93m35[0m - [91merror[0m[90m TS2345: [0mArgument of type '{ name: string; description: string; resource: string; action: string; }[]' is not assignable to parameter of type 'readonly Optional<PermissionCreationInterface, NullishPropertiesOf<PermissionCreationInterface>>[]'.
  Type '{ name: string; description: string; resource: string; action: string; }' is not assignable to type 'Optional<PermissionCreationInterface, NullishPropertiesOf<PermissionCreationInterface>>'.
    Type '{ name: string; description: string; resource: string; action: string; }' is not assignable to type 'Omit<PermissionCreationInterface, NullishPropertiesOf<PermissionCreationInterface>>'.
      Types of property 'action' are incompatible.
        Type 'string' is not assignable to type 'PermissionAction'.

[7m133[0m       await Permission.bulkCreate(defaultPermissions);
[7m   [0m [91m                                  ~~~~~~~~~~~~~~~~~~[0m

    at createTSError (C:\Users\siuol\OneDrive\Documents\mn_school_db_v2\node_modules\ts-node\src\index.ts:859:12)
    at reportTSError (C:\Users\siuol\OneDrive\Documents\mn_school_db_v2\node_modules\ts-node\src\index.ts:863:19)
    at getOutput (C:\Users\siuol\OneDrive\Documents\mn_school_db_v2\node_modules\ts-node\src\index.ts:1077:36)
    at Object.compile (C:\Users\siuol\OneDrive\Documents\mn_school_db_v2\node_modules\ts-node\src\index.ts:1433:41)
    at Module.m._compile (C:\Users\siuol\OneDrive\Documents\mn_school_db_v2\node_modules\ts-node\src\index.ts:1617:30)
    at Module._extensions..js (node:internal/modules/cjs/loader:1310:10)
    at Object.require.extensions.<computed> [as .ts] (C:\Users\siuol\OneDrive\Documents\mn_school_db_v2\node_modules\ts-node\src\index.ts:1621:12)
    at Module.load (node:internal/modules/cjs/loader:1119:32)
    at Function.Module._load (node:internal/modules/cjs/loader:960:12)
    at Module.require (node:internal/modules/cjs/loader:1143:19)
2025-03-22T07:26:54.387Z error: TSError: тип Unable to compile TypeScript:
[96msrc/seeders/rbac.seeder.ts[0m:[93m10[0m:[93m10[0m - [91merror[0m[90m TS2305: [0mModule '"../features/rbac/interfaces/roles.interface"' has no exported member 'PermissionAction'.

[7m10[0m import { PermissionAction } from "../features/rbac/interfaces/roles.interface";
[7m  [0m [91m         ~~~~~~~~~~~~~~~~[0m

    at createTSError (C:\Users\siuol\OneDrive\Documents\mn_school_db_v2\node_modules\ts-node\src\index.ts:859:12)
    at reportTSError (C:\Users\siuol\OneDrive\Documents\mn_school_db_v2\node_modules\ts-node\src\index.ts:863:19)
    at getOutput (C:\Users\siuol\OneDrive\Documents\mn_school_db_v2\node_modules\ts-node\src\index.ts:1077:36)
    at Object.compile (C:\Users\siuol\OneDrive\Documents\mn_school_db_v2\node_modules\ts-node\src\index.ts:1433:41)
    at Module.m._compile (C:\Users\siuol\OneDrive\Documents\mn_school_db_v2\node_modules\ts-node\src\index.ts:1617:30)
    at Module._extensions..js (node:internal/modules/cjs/loader:1310:10)
    at Object.require.extensions.<computed> [as .ts] (C:\Users\siuol\OneDrive\Documents\mn_school_db_v2\node_modules\ts-node\src\index.ts:1621:12)
    at Module.load (node:internal/modules/cjs/loader:1119:32)
    at Function.Module._load (node:internal/modules/cjs/loader:960:12)
    at Module.require (node:internal/modules/cjs/loader:1143:19)
2025-03-22T07:27:21.361Z error: TSError: тип Unable to compile TypeScript:
[96msrc/seeders/rbac.seeder.ts[0m:[93m10[0m:[93m10[0m - [91merror[0m[90m TS2305: [0mModule '"../features/rbac/interfaces/roles.interface"' has no exported member 'PermissionAction'.

[7m10[0m import { PermissionAction } from "../features/rbac/interfaces/roles.interface";
[7m  [0m [91m         ~~~~~~~~~~~~~~~~[0m

    at createTSError (C:\Users\siuol\OneDrive\Documents\mn_school_db_v2\node_modules\ts-node\src\index.ts:859:12)
    at reportTSError (C:\Users\siuol\OneDrive\Documents\mn_school_db_v2\node_modules\ts-node\src\index.ts:863:19)
    at getOutput (C:\Users\siuol\OneDrive\Documents\mn_school_db_v2\node_modules\ts-node\src\index.ts:1077:36)
    at Object.compile (C:\Users\siuol\OneDrive\Documents\mn_school_db_v2\node_modules\ts-node\src\index.ts:1433:41)
    at Module.m._compile (C:\Users\siuol\OneDrive\Documents\mn_school_db_v2\node_modules\ts-node\src\index.ts:1617:30)
    at Module._extensions..js (node:internal/modules/cjs/loader:1310:10)
    at Object.require.extensions.<computed> [as .ts] (C:\Users\siuol\OneDrive\Documents\mn_school_db_v2\node_modules\ts-node\src\index.ts:1621:12)
    at Module.load (node:internal/modules/cjs/loader:1119:32)
    at Function.Module._load (node:internal/modules/cjs/loader:960:12)
    at Module.require (node:internal/modules/cjs/loader:1143:19)
2025-03-22T08:04:19.913Z error: TSError: тип Unable to compile TypeScript:
[96msrc/common/utils/errors/errorUtils.ts[0m:[93m395[0m:[93m9[0m - [91merror[0m[90m TS2801: [0mThis condition will always return true since this 'Promise<boolean>' is always defined.

[7m395[0m     if (DiagnosticsUtil.isSystemUnderHighLoad()) {
[7m   [0m [91m        ~~~~~~~~~~~~~~~~~~~~~~~~~~~~~~~~~~~~~~~[0m

  [96msrc/common/utils/errors/errorUtils.ts[0m:[93m395[0m:[93m9[0m
    [7m395[0m     if (DiagnosticsUtil.isSystemUnderHighLoad()) {
    [7m   [0m [96m        ~~~~~~~~~~~~~~~~~~~~~~~~~~~~~~~~~~~~~~~[0m
    Did you forget to use 'await'?

    at createTSError (C:\Users\siuol\OneDrive\Documents\mn_school_db_v2\node_modules\ts-node\src\index.ts:859:12)
    at reportTSError (C:\Users\siuol\OneDrive\Documents\mn_school_db_v2\node_modules\ts-node\src\index.ts:863:19)
    at getOutput (C:\Users\siuol\OneDrive\Documents\mn_school_db_v2\node_modules\ts-node\src\index.ts:1077:36)
    at Object.compile (C:\Users\siuol\OneDrive\Documents\mn_school_db_v2\node_modules\ts-node\src\index.ts:1433:41)
    at Module.m._compile (C:\Users\siuol\OneDrive\Documents\mn_school_db_v2\node_modules\ts-node\src\index.ts:1617:30)
    at Module._extensions..js (node:internal/modules/cjs/loader:1310:10)
    at Object.require.extensions.<computed> [as .ts] (C:\Users\siuol\OneDrive\Documents\mn_school_db_v2\node_modules\ts-node\src\index.ts:1621:12)
    at Module.load (node:internal/modules/cjs/loader:1119:32)
    at Function.Module._load (node:internal/modules/cjs/loader:960:12)
    at Module.require (node:internal/modules/cjs/loader:1143:19)
2025-03-22T08:26:02.315Z error: TSError: тип Unable to compile TypeScript:
[96msrc/features/associations.ts[0m:[93m165[0m:[93m9[0m - [91merror[0m[90m TS2304: [0mCannot find name 'fixDuplicateTables'.

[7m165[0m   await fixDuplicateTables();
[7m   [0m [91m        ~~~~~~~~~~~~~~~~~~[0m

    at createTSError (C:\Users\siuol\OneDrive\Documents\mn_school_db_v2\node_modules\ts-node\src\index.ts:859:12)
    at reportTSError (C:\Users\siuol\OneDrive\Documents\mn_school_db_v2\node_modules\ts-node\src\index.ts:863:19)
    at getOutput (C:\Users\siuol\OneDrive\Documents\mn_school_db_v2\node_modules\ts-node\src\index.ts:1077:36)
    at Object.compile (C:\Users\siuol\OneDrive\Documents\mn_school_db_v2\node_modules\ts-node\src\index.ts:1433:41)
    at Module.m._compile (C:\Users\siuol\OneDrive\Documents\mn_school_db_v2\node_modules\ts-node\src\index.ts:1617:30)
    at Module._extensions..js (node:internal/modules/cjs/loader:1310:10)
    at Object.require.extensions.<computed> [as .ts] (C:\Users\siuol\OneDrive\Documents\mn_school_db_v2\node_modules\ts-node\src\index.ts:1621:12)
    at Module.load (node:internal/modules/cjs/loader:1119:32)
    at Function.Module._load (node:internal/modules/cjs/loader:960:12)
    at Module.require (node:internal/modules/cjs/loader:1143:19)
2025-03-23T07:03:13.594Z error: TSError: тип Unable to compile TypeScript:
[96msrc/features/auth/repository.ts[0m:[93m17[0m:[93m7[0m - [91merror[0m[90m TS2322: [0mType 'User | null' is not assignable to type 'UserInterface | null'.
  Type 'User' is not assignable to type 'UserInterface'.
    Types of property 'username' are incompatible.
      Type 'string | undefined' is not assignable to type 'string'.
        Type 'undefined' is not assignable to type 'string'.

[7m17[0m       return await User.findOne({
[7m  [0m [91m      ~~~~~~[0m
[96msrc/features/auth/repository.ts[0m:[93m40[0m:[93m7[0m - [91merror[0m[90m TS2322: [0mType 'User | null' is not assignable to type 'UserInterface | null'.
  Type 'User' is not assignable to type 'UserInterface'.
    Types of property 'username' are incompatible.
      Type 'string | undefined' is not assignable to type 'string'.
        Type 'undefined' is not assignable to type 'string'.

[7m40[0m       return await User.findByPk(id, {
[7m  [0m [91m      ~~~~~~[0m
[96msrc/features/auth/repository.ts[0m:[93m64[0m:[93m7[0m - [91merror[0m[90m TS2322: [0mType 'User' is not assignable to type 'UserInterface'.
  Types of property 'username' are incompatible.
    Type 'string | undefined' is not assignable to type 'string'.
      Type 'undefined' is not assignable to type 'string'.

[7m64[0m       return await User.create(userData as any);
[7m  [0m [91m      ~~~~~~[0m
[96msrc/features/auth/repository.ts[0m:[93m118[0m:[93m7[0m - [91merror[0m[90m TS2322: [0mType 'User | null' is not assignable to type 'UserInterface | null'.
  Type 'User' is not assignable to type 'UserInterface'.
    Types of property 'username' are incompatible.
      Type 'string | undefined' is not assignable to type 'string'.
        Type 'undefined' is not assignable to type 'string'.

[7m118[0m       return await User.findOne({
[7m   [0m [91m      ~~~~~~[0m

    at createTSError (C:\Users\siuol\OneDrive\Documents\mn_school_db_v2\node_modules\ts-node\src\index.ts:859:12)
    at reportTSError (C:\Users\siuol\OneDrive\Documents\mn_school_db_v2\node_modules\ts-node\src\index.ts:863:19)
    at getOutput (C:\Users\siuol\OneDrive\Documents\mn_school_db_v2\node_modules\ts-node\src\index.ts:1077:36)
    at Object.compile (C:\Users\siuol\OneDrive\Documents\mn_school_db_v2\node_modules\ts-node\src\index.ts:1433:41)
    at Module.m._compile (C:\Users\siuol\OneDrive\Documents\mn_school_db_v2\node_modules\ts-node\src\index.ts:1617:30)
    at Module._extensions..js (node:internal/modules/cjs/loader:1310:10)
    at Object.require.extensions.<computed> [as .ts] (C:\Users\siuol\OneDrive\Documents\mn_school_db_v2\node_modules\ts-node\src\index.ts:1621:12)
    at Module.load (node:internal/modules/cjs/loader:1119:32)
    at Function.Module._load (node:internal/modules/cjs/loader:960:12)
    at Module.require (node:internal/modules/cjs/loader:1143:19)
2025-03-23T07:03:23.156Z error: TSError: тип Unable to compile TypeScript:
[96msrc/features/auth/service.ts[0m:[93m428[0m:[93m7[0m - [91merror[0m[90m TS2322: [0mType 'string | undefined' is not assignable to type 'string'.
  Type 'undefined' is not assignable to type 'string'.

[7m428[0m       username: user.username,
[7m   [0m [91m      ~~~~~~~~[0m

  [96msrc/features/auth/dto.ts[0m:[93m30[0m:[93m3[0m
    [7m30[0m   username: string;
    [7m  [0m [96m  ~~~~~~~~[0m
    The expected type comes from property 'username' which is declared here on type 'UserInfoDTO'

    at createTSError (C:\Users\siuol\OneDrive\Documents\mn_school_db_v2\node_modules\ts-node\src\index.ts:859:12)
    at reportTSError (C:\Users\siuol\OneDrive\Documents\mn_school_db_v2\node_modules\ts-node\src\index.ts:863:19)
    at getOutput (C:\Users\siuol\OneDrive\Documents\mn_school_db_v2\node_modules\ts-node\src\index.ts:1077:36)
    at Object.compile (C:\Users\siuol\OneDrive\Documents\mn_school_db_v2\node_modules\ts-node\src\index.ts:1433:41)
    at Module.m._compile (C:\Users\siuol\OneDrive\Documents\mn_school_db_v2\node_modules\ts-node\src\index.ts:1617:30)
    at Module._extensions..js (node:internal/modules/cjs/loader:1310:10)
    at Object.require.extensions.<computed> [as .ts] (C:\Users\siuol\OneDrive\Documents\mn_school_db_v2\node_modules\ts-node\src\index.ts:1621:12)
    at Module.load (node:internal/modules/cjs/loader:1119:32)
    at Function.Module._load (node:internal/modules/cjs/loader:960:12)
    at Module.require (node:internal/modules/cjs/loader:1143:19)
2025-03-23T07:24:33.788Z error: TSError: тип Unable to compile TypeScript:
[96msrc/common/utils/docs/swagger.ts[0m:[93m33[0m:[93m3[0m - [91merror[0m[90m TS2741: [0mProperty 'security' is missing in type '{ openapi: string; info: { title: string; version: string; description: string; }; servers: { url: string; description: string; }[]; components: { securitySchemes: { bearerAuth: { type: string; scheme: string; bearerFormat: string; }; }; }; }' but required in type '{ openapi: string; info: { title: string; version: string; description: string; }; servers: { url: string; description: string; }[]; components: { securitySchemes: { bearerAuth: { type: string; scheme: string; bearerFormat: string; }; }; }; security: { ...; }[]; }'.

[7m33[0m   definition: {
[7m  [0m [91m  ~~~~~~~~~~[0m

  [96msrc/common/utils/docs/swagger.ts[0m:[93m25[0m:[93m5[0m
    [7m25[0m     security: {
    [7m  [0m [96m    ~~~~~~~~[0m
    'security' is declared here.
  [96msrc/common/utils/docs/swagger.ts[0m:[93m5[0m:[93m3[0m
    [7m5[0m   definition: {
    [7m [0m [96m  ~~~~~~~~~~[0m
    The expected type comes from property 'definition' which is declared here on type 'SwaggerOptions'
[96msrc/common/utils/docs/swagger.ts[0m:[93m55[0m:[93m15[0m - [91merror[0m[90m TS2695: [0mLeft side of comma operator is unused and has no side effects.

[7m 55[0m     security: [
[7m   [0m [91m              ~[0m
[7m 56[0m       {
[7m   [0m [91m~~~~~~~[0m
[7m...[0m 
[7m 58[0m       },
[7m   [0m [91m~~~~~~~~[0m
[7m 59[0m     ],
[7m   [0m [91m~~~~~[0m
[96msrc/common/utils/docs/swagger.ts[0m:[93m61[0m:[93m9[0m - [91merror[0m[90m TS2695: [0mLeft side of comma operator is unused and has no side effects.

[7m 61[0m   apis: [
[7m   [0m [91m        ~[0m
[7m 62[0m     "./src/features/**/routes.ts",
[7m   [0m [91m~~~~~~~~~~~~~~~~~~~~~~~~~~~~~~~~~~[0m
[7m...[0m 
[7m 67[0m     "./src/shared/middleware/*.ts"
[7m   [0m [91m~~~~~~~~~~~~~~~~~~~~~~~~~~~~~~~~~~[0m
[7m 68[0m   ],
[7m   [0m [91m~~~[0m
[96msrc/common/utils/docs/swagger.ts[0m:[93m54[0m:[93m5[0m - [91merror[0m[90m TS1136: [0mProperty assignment expected.

[7m54[0m     ],
[7m  [0m [91m    ~[0m
[96msrc/common/utils/docs/swagger.ts[0m:[93m54[0m:[93m6[0m - [91merror[0m[90m TS1128: [0mDeclaration or statement expected.

[7m54[0m     ],
[7m  [0m [91m     ~[0m
[96msrc/common/utils/docs/swagger.ts[0m:[93m60[0m:[93m3[0m - [91merror[0m[90m TS1109: [0mExpression expected.

[7m60[0m   },
[7m  [0m [91m  ~[0m
[96msrc/common/utils/docs/swagger.ts[0m:[93m60[0m:[93m4[0m - [91merror[0m[90m TS1128: [0mDeclaration or statement expected.

[7m60[0m   },
[7m  [0m [91m   ~[0m
[96msrc/common/utils/docs/swagger.ts[0m:[93m69[0m:[93m1[0m - [91merror[0m[90m TS1109: [0mExpression expected.

[7m69[0m };
[7m  [0m [91m~[0m

    at createTSError (C:\Users\siuol\OneDrive\Documents\mn_school_db_v2\node_modules\ts-node\src\index.ts:859:12)
    at reportTSError (C:\Users\siuol\OneDrive\Documents\mn_school_db_v2\node_modules\ts-node\src\index.ts:863:19)
    at getOutput (C:\Users\siuol\OneDrive\Documents\mn_school_db_v2\node_modules\ts-node\src\index.ts:1077:36)
    at Object.compile (C:\Users\siuol\OneDrive\Documents\mn_school_db_v2\node_modules\ts-node\src\index.ts:1433:41)
    at Module.m._compile (C:\Users\siuol\OneDrive\Documents\mn_school_db_v2\node_modules\ts-node\src\index.ts:1617:30)
    at Module._extensions..js (node:internal/modules/cjs/loader:1310:10)
    at Object.require.extensions.<computed> [as .ts] (C:\Users\siuol\OneDrive\Documents\mn_school_db_v2\node_modules\ts-node\src\index.ts:1621:12)
    at Module.load (node:internal/modules/cjs/loader:1119:32)
    at Function.Module._load (node:internal/modules/cjs/loader:960:12)
    at Module.require (node:internal/modules/cjs/loader:1143:19)
2025-03-23T07:26:44.115Z error: TSError: тип Unable to compile TypeScript:
[96msrc/common/utils/docs/swagger.ts[0m:[93m33[0m:[93m3[0m - [91merror[0m[90m TS2741: [0mProperty 'security' is missing in type '{ openapi: string; info: { title: string; version: string; description: string; }; servers: { url: string; description: string; }[]; components: { securitySchemes: { bearerAuth: { type: string; scheme: string; bearerFormat: string; }; }; }; }' but required in type '{ openapi: string; info: { title: string; version: string; description: string; }; servers: { url: string; description: string; }[]; components: { securitySchemes: { bearerAuth: { type: string; scheme: string; bearerFormat: string; }; }; }; security: { ...; }[]; }'.

[7m33[0m   definition: {
[7m  [0m [91m  ~~~~~~~~~~[0m

  [96msrc/common/utils/docs/swagger.ts[0m:[93m25[0m:[93m5[0m
    [7m25[0m     security: {
    [7m  [0m [96m    ~~~~~~~~[0m
    'security' is declared here.
  [96msrc/common/utils/docs/swagger.ts[0m:[93m5[0m:[93m3[0m
    [7m5[0m   definition: {
    [7m [0m [96m  ~~~~~~~~~~[0m
    The expected type comes from property 'definition' which is declared here on type 'SwaggerOptions'
[96msrc/common/utils/docs/swagger.ts[0m:[93m55[0m:[93m15[0m - [91merror[0m[90m TS2695: [0mLeft side of comma operator is unused and has no side effects.

[7m 55[0m     security: [
[7m   [0m [91m              ~[0m
[7m 56[0m       {
[7m   [0m [91m~~~~~~~[0m
[7m...[0m 
[7m 58[0m       },
[7m   [0m [91m~~~~~~~~[0m
[7m 59[0m     ],
[7m   [0m [91m~~~~~[0m
[96msrc/common/utils/docs/swagger.ts[0m:[93m61[0m:[93m9[0m - [91merror[0m[90m TS2695: [0mLeft side of comma operator is unused and has no side effects.

[7m 61[0m   apis: [
[7m   [0m [91m        ~[0m
[7m 62[0m     "./src/features/**/routes.ts",
[7m   [0m [91m~~~~~~~~~~~~~~~~~~~~~~~~~~~~~~~~~~[0m
[7m...[0m 
[7m 67[0m     "./src/shared/middleware/*.ts"
[7m   [0m [91m~~~~~~~~~~~~~~~~~~~~~~~~~~~~~~~~~~[0m
[7m 68[0m   ],
[7m   [0m [91m~~~[0m
[96msrc/common/utils/docs/swagger.ts[0m:[93m54[0m:[93m5[0m - [91merror[0m[90m TS1136: [0mProperty assignment expected.

[7m54[0m     ],
[7m  [0m [91m    ~[0m
[96msrc/common/utils/docs/swagger.ts[0m:[93m54[0m:[93m6[0m - [91merror[0m[90m TS1128: [0mDeclaration or statement expected.

[7m54[0m     ],
[7m  [0m [91m     ~[0m
[96msrc/common/utils/docs/swagger.ts[0m:[93m60[0m:[93m3[0m - [91merror[0m[90m TS1109: [0mExpression expected.

[7m60[0m   },
[7m  [0m [91m  ~[0m
[96msrc/common/utils/docs/swagger.ts[0m:[93m60[0m:[93m4[0m - [91merror[0m[90m TS1128: [0mDeclaration or statement expected.

[7m60[0m   },
[7m  [0m [91m   ~[0m
[96msrc/common/utils/docs/swagger.ts[0m:[93m69[0m:[93m1[0m - [91merror[0m[90m TS1109: [0mExpression expected.

[7m69[0m };
[7m  [0m [91m~[0m

    at createTSError (C:\Users\siuol\OneDrive\Documents\mn_school_db_v2\node_modules\ts-node\src\index.ts:859:12)
    at reportTSError (C:\Users\siuol\OneDrive\Documents\mn_school_db_v2\node_modules\ts-node\src\index.ts:863:19)
    at getOutput (C:\Users\siuol\OneDrive\Documents\mn_school_db_v2\node_modules\ts-node\src\index.ts:1077:36)
    at Object.compile (C:\Users\siuol\OneDrive\Documents\mn_school_db_v2\node_modules\ts-node\src\index.ts:1433:41)
    at Module.m._compile (C:\Users\siuol\OneDrive\Documents\mn_school_db_v2\node_modules\ts-node\src\index.ts:1617:30)
    at Module._extensions..js (node:internal/modules/cjs/loader:1310:10)
    at Object.require.extensions.<computed> [as .ts] (C:\Users\siuol\OneDrive\Documents\mn_school_db_v2\node_modules\ts-node\src\index.ts:1621:12)
    at Module.load (node:internal/modules/cjs/loader:1119:32)
    at Function.Module._load (node:internal/modules/cjs/loader:960:12)
    at Module.require (node:internal/modules/cjs/loader:1143:19)
2025-03-23T07:27:12.077Z error: TSError: тип Unable to compile TypeScript:
[96msrc/common/utils/docs/swagger.ts[0m:[93m33[0m:[93m3[0m - [91merror[0m[90m TS2741: [0mProperty 'security' is missing in type '{ openapi: string; info: { title: string; version: string; description: string; }; servers: { url: string; description: string; }[]; components: { securitySchemes: { bearerAuth: { type: string; scheme: string; bearerFormat: string; }; }; }; }' but required in type '{ openapi: string; info: { title: string; version: string; description: string; }; servers: { url: string; description: string; }[]; components: { securitySchemes: { bearerAuth: { type: string; scheme: string; bearerFormat: string; }; }; }; security: { ...; }[]; }'.

[7m33[0m   definition: {
[7m  [0m [91m  ~~~~~~~~~~[0m

  [96msrc/common/utils/docs/swagger.ts[0m:[93m25[0m:[93m5[0m
    [7m25[0m     security: {
    [7m  [0m [96m    ~~~~~~~~[0m
    'security' is declared here.
  [96msrc/common/utils/docs/swagger.ts[0m:[93m5[0m:[93m3[0m
    [7m5[0m   definition: {
    [7m [0m [96m  ~~~~~~~~~~[0m
    The expected type comes from property 'definition' which is declared here on type 'SwaggerOptions'
[96msrc/common/utils/docs/swagger.ts[0m:[93m55[0m:[93m15[0m - [91merror[0m[90m TS2695: [0mLeft side of comma operator is unused and has no side effects.

[7m 55[0m     security: [
[7m   [0m [91m              ~[0m
[7m 56[0m       {
[7m   [0m [91m~~~~~~~[0m
[7m...[0m 
[7m 58[0m       },
[7m   [0m [91m~~~~~~~~[0m
[7m 59[0m     ],
[7m   [0m [91m~~~~~[0m
[96msrc/common/utils/docs/swagger.ts[0m:[93m61[0m:[93m9[0m - [91merror[0m[90m TS2695: [0mLeft side of comma operator is unused and has no side effects.

[7m 61[0m   apis: [
[7m   [0m [91m        ~[0m
[7m 62[0m     "./src/features/**/routes.ts",
[7m   [0m [91m~~~~~~~~~~~~~~~~~~~~~~~~~~~~~~~~~~[0m
[7m...[0m 
[7m 67[0m     "./src/shared/middleware/*.ts"
[7m   [0m [91m~~~~~~~~~~~~~~~~~~~~~~~~~~~~~~~~~~[0m
[7m 68[0m   ],
[7m   [0m [91m~~~[0m
[96msrc/common/utils/docs/swagger.ts[0m:[93m54[0m:[93m5[0m - [91merror[0m[90m TS1136: [0mProperty assignment expected.

[7m54[0m     ],
[7m  [0m [91m    ~[0m
[96msrc/common/utils/docs/swagger.ts[0m:[93m54[0m:[93m6[0m - [91merror[0m[90m TS1128: [0mDeclaration or statement expected.

[7m54[0m     ],
[7m  [0m [91m     ~[0m
[96msrc/common/utils/docs/swagger.ts[0m:[93m60[0m:[93m3[0m - [91merror[0m[90m TS1109: [0mExpression expected.

[7m60[0m   },
[7m  [0m [91m  ~[0m
[96msrc/common/utils/docs/swagger.ts[0m:[93m60[0m:[93m4[0m - [91merror[0m[90m TS1128: [0mDeclaration or statement expected.

[7m60[0m   },
[7m  [0m [91m   ~[0m
[96msrc/common/utils/docs/swagger.ts[0m:[93m69[0m:[93m1[0m - [91merror[0m[90m TS1109: [0mExpression expected.

[7m69[0m };
[7m  [0m [91m~[0m

    at createTSError (C:\Users\siuol\OneDrive\Documents\mn_school_db_v2\node_modules\ts-node\src\index.ts:859:12)
    at reportTSError (C:\Users\siuol\OneDrive\Documents\mn_school_db_v2\node_modules\ts-node\src\index.ts:863:19)
    at getOutput (C:\Users\siuol\OneDrive\Documents\mn_school_db_v2\node_modules\ts-node\src\index.ts:1077:36)
    at Object.compile (C:\Users\siuol\OneDrive\Documents\mn_school_db_v2\node_modules\ts-node\src\index.ts:1433:41)
    at Module.m._compile (C:\Users\siuol\OneDrive\Documents\mn_school_db_v2\node_modules\ts-node\src\index.ts:1617:30)
    at Module._extensions..js (node:internal/modules/cjs/loader:1310:10)
    at Object.require.extensions.<computed> [as .ts] (C:\Users\siuol\OneDrive\Documents\mn_school_db_v2\node_modules\ts-node\src\index.ts:1621:12)
    at Module.load (node:internal/modules/cjs/loader:1119:32)
    at Function.Module._load (node:internal/modules/cjs/loader:960:12)
    at Module.require (node:internal/modules/cjs/loader:1143:19)
2025-03-23T07:27:59.316Z error: TSError: тип Unable to compile TypeScript:
[96msrc/common/utils/docs/swagger.ts[0m:[93m33[0m:[93m3[0m - [91merror[0m[90m TS2741: [0mProperty 'security' is missing in type '{ openapi: string; info: { title: string; version: string; description: string; }; servers: { url: string; description: string; }[]; components: { securitySchemes: { bearerAuth: { type: string; scheme: string; bearerFormat: string; }; }; }; }' but required in type '{ openapi: string; info: { title: string; version: string; description: string; }; servers: { url: string; description: string; }[]; components: { securitySchemes: { bearerAuth: { type: string; scheme: string; bearerFormat: string; }; }; }; security: { ...; }[]; }'.

[7m33[0m   definition: {
[7m  [0m [91m  ~~~~~~~~~~[0m

  [96msrc/common/utils/docs/swagger.ts[0m:[93m25[0m:[93m5[0m
    [7m25[0m     security: {
    [7m  [0m [96m    ~~~~~~~~[0m
    'security' is declared here.
  [96msrc/common/utils/docs/swagger.ts[0m:[93m5[0m:[93m3[0m
    [7m5[0m   definition: {
    [7m [0m [96m  ~~~~~~~~~~[0m
    The expected type comes from property 'definition' which is declared here on type 'SwaggerOptions'
[96msrc/common/utils/docs/swagger.ts[0m:[93m55[0m:[93m15[0m - [91merror[0m[90m TS2695: [0mLeft side of comma operator is unused and has no side effects.

[7m 55[0m     security: [
[7m   [0m [91m              ~[0m
[7m 56[0m       {
[7m   [0m [91m~~~~~~~[0m
[7m...[0m 
[7m 58[0m       },
[7m   [0m [91m~~~~~~~~[0m
[7m 59[0m     ],
[7m   [0m [91m~~~~~[0m
[96msrc/common/utils/docs/swagger.ts[0m:[93m61[0m:[93m9[0m - [91merror[0m[90m TS2695: [0mLeft side of comma operator is unused and has no side effects.

[7m 61[0m   apis: [
[7m   [0m [91m        ~[0m
[7m 62[0m     "./src/features/**/routes.ts",
[7m   [0m [91m~~~~~~~~~~~~~~~~~~~~~~~~~~~~~~~~~~[0m
[7m...[0m 
[7m 67[0m     "./src/shared/middleware/*.ts"
[7m   [0m [91m~~~~~~~~~~~~~~~~~~~~~~~~~~~~~~~~~~[0m
[7m 68[0m   ],
[7m   [0m [91m~~~[0m
[96msrc/common/utils/docs/swagger.ts[0m:[93m54[0m:[93m5[0m - [91merror[0m[90m TS1136: [0mProperty assignment expected.

[7m54[0m     ],
[7m  [0m [91m    ~[0m
[96msrc/common/utils/docs/swagger.ts[0m:[93m54[0m:[93m6[0m - [91merror[0m[90m TS1128: [0mDeclaration or statement expected.

[7m54[0m     ],
[7m  [0m [91m     ~[0m
[96msrc/common/utils/docs/swagger.ts[0m:[93m60[0m:[93m3[0m - [91merror[0m[90m TS1109: [0mExpression expected.

[7m60[0m   },
[7m  [0m [91m  ~[0m
[96msrc/common/utils/docs/swagger.ts[0m:[93m60[0m:[93m4[0m - [91merror[0m[90m TS1128: [0mDeclaration or statement expected.

[7m60[0m   },
[7m  [0m [91m   ~[0m
[96msrc/common/utils/docs/swagger.ts[0m:[93m69[0m:[93m1[0m - [91merror[0m[90m TS1109: [0mExpression expected.

[7m69[0m };
[7m  [0m [91m~[0m

    at createTSError (C:\Users\siuol\OneDrive\Documents\mn_school_db_v2\node_modules\ts-node\src\index.ts:859:12)
    at reportTSError (C:\Users\siuol\OneDrive\Documents\mn_school_db_v2\node_modules\ts-node\src\index.ts:863:19)
    at getOutput (C:\Users\siuol\OneDrive\Documents\mn_school_db_v2\node_modules\ts-node\src\index.ts:1077:36)
    at Object.compile (C:\Users\siuol\OneDrive\Documents\mn_school_db_v2\node_modules\ts-node\src\index.ts:1433:41)
    at Module.m._compile (C:\Users\siuol\OneDrive\Documents\mn_school_db_v2\node_modules\ts-node\src\index.ts:1617:30)
    at Module._extensions..js (node:internal/modules/cjs/loader:1310:10)
    at Object.require.extensions.<computed> [as .ts] (C:\Users\siuol\OneDrive\Documents\mn_school_db_v2\node_modules\ts-node\src\index.ts:1621:12)
    at Module.load (node:internal/modules/cjs/loader:1119:32)
    at Function.Module._load (node:internal/modules/cjs/loader:960:12)
    at Module.require (node:internal/modules/cjs/loader:1143:19)
2025-03-23T07:29:40.610Z error: TSError: тип Unable to compile TypeScript:
[96msrc/common/utils/docs/swagger.ts[0m:[93m33[0m:[93m3[0m - [91merror[0m[90m TS2741: [0mProperty 'security' is missing in type '{ openapi: string; info: { title: string; version: string; description: string; }; servers: { url: string; description: string; }[]; components: { securitySchemes: { bearerAuth: { type: string; scheme: string; bearerFormat: string; }; }; }; }' but required in type '{ openapi: string; info: { title: string; version: string; description: string; }; servers: { url: string; description: string; }[]; components: { securitySchemes: { bearerAuth: { type: string; scheme: string; bearerFormat: string; }; }; }; security: { ...; }[]; }'.

[7m33[0m   definition: {
[7m  [0m [91m  ~~~~~~~~~~[0m

  [96msrc/common/utils/docs/swagger.ts[0m:[93m25[0m:[93m5[0m
    [7m25[0m     security: {
    [7m  [0m [96m    ~~~~~~~~[0m
    'security' is declared here.
  [96msrc/common/utils/docs/swagger.ts[0m:[93m5[0m:[93m3[0m
    [7m5[0m   definition: {
    [7m [0m [96m  ~~~~~~~~~~[0m
    The expected type comes from property 'definition' which is declared here on type 'SwaggerOptions'
[96msrc/common/utils/docs/swagger.ts[0m:[93m55[0m:[93m15[0m - [91merror[0m[90m TS2695: [0mLeft side of comma operator is unused and has no side effects.

[7m 55[0m     security: [
[7m   [0m [91m              ~[0m
[7m 56[0m       {
[7m   [0m [91m~~~~~~~[0m
[7m...[0m 
[7m 58[0m       },
[7m   [0m [91m~~~~~~~~[0m
[7m 59[0m     ],
[7m   [0m [91m~~~~~[0m
[96msrc/common/utils/docs/swagger.ts[0m:[93m61[0m:[93m9[0m - [91merror[0m[90m TS2695: [0mLeft side of comma operator is unused and has no side effects.

[7m 61[0m   apis: [
[7m   [0m [91m        ~[0m
[7m 62[0m     "./src/features/**/routes.ts",
[7m   [0m [91m~~~~~~~~~~~~~~~~~~~~~~~~~~~~~~~~~~[0m
[7m...[0m 
[7m 67[0m     "./src/shared/middleware/*.ts"
[7m   [0m [91m~~~~~~~~~~~~~~~~~~~~~~~~~~~~~~~~~~[0m
[7m 68[0m   ],
[7m   [0m [91m~~~[0m
[96msrc/common/utils/docs/swagger.ts[0m:[93m54[0m:[93m5[0m - [91merror[0m[90m TS1136: [0mProperty assignment expected.

[7m54[0m     ],
[7m  [0m [91m    ~[0m
[96msrc/common/utils/docs/swagger.ts[0m:[93m54[0m:[93m6[0m - [91merror[0m[90m TS1128: [0mDeclaration or statement expected.

[7m54[0m     ],
[7m  [0m [91m     ~[0m
[96msrc/common/utils/docs/swagger.ts[0m:[93m60[0m:[93m3[0m - [91merror[0m[90m TS1109: [0mExpression expected.

[7m60[0m   },
[7m  [0m [91m  ~[0m
[96msrc/common/utils/docs/swagger.ts[0m:[93m60[0m:[93m4[0m - [91merror[0m[90m TS1128: [0mDeclaration or statement expected.

[7m60[0m   },
[7m  [0m [91m   ~[0m
[96msrc/common/utils/docs/swagger.ts[0m:[93m69[0m:[93m1[0m - [91merror[0m[90m TS1109: [0mExpression expected.

[7m69[0m };
[7m  [0m [91m~[0m

    at createTSError (C:\Users\siuol\OneDrive\Documents\mn_school_db_v2\node_modules\ts-node\src\index.ts:859:12)
    at reportTSError (C:\Users\siuol\OneDrive\Documents\mn_school_db_v2\node_modules\ts-node\src\index.ts:863:19)
    at getOutput (C:\Users\siuol\OneDrive\Documents\mn_school_db_v2\node_modules\ts-node\src\index.ts:1077:36)
    at Object.compile (C:\Users\siuol\OneDrive\Documents\mn_school_db_v2\node_modules\ts-node\src\index.ts:1433:41)
    at Module.m._compile (C:\Users\siuol\OneDrive\Documents\mn_school_db_v2\node_modules\ts-node\src\index.ts:1617:30)
    at Module._extensions..js (node:internal/modules/cjs/loader:1310:10)
    at Object.require.extensions.<computed> [as .ts] (C:\Users\siuol\OneDrive\Documents\mn_school_db_v2\node_modules\ts-node\src\index.ts:1621:12)
    at Module.load (node:internal/modules/cjs/loader:1119:32)
    at Function.Module._load (node:internal/modules/cjs/loader:960:12)
    at Module.require (node:internal/modules/cjs/loader:1143:19)
2025-03-23T07:48:14.702Z error: TSError: тип Unable to compile TypeScript:
[96msrc/shared/middleware/auth.ts[0m:[93m90[0m:[93m19[0m - [91merror[0m[90m TS2304: [0mCannot find name 'UserRole'.

[7m90[0m     allowedRoles: UserRole | UserRole[]
[7m  [0m [91m                  ~~~~~~~~[0m
[96msrc/shared/middleware/auth.ts[0m:[93m90[0m:[93m30[0m - [91merror[0m[90m TS2304: [0mCannot find name 'UserRole'.

[7m90[0m     allowedRoles: UserRole | UserRole[]
[7m  [0m [91m                             ~~~~~~~~[0m
[96msrc/shared/middleware/auth.ts[0m:[93m100[0m:[93m41[0m - [91merror[0m[90m TS2304: [0mCannot find name 'UserRole'.

[7m100[0m       const userRole = req.user.role as UserRole;
[7m   [0m [91m                                        ~~~~~~~~[0m

    at createTSError (C:\Users\siuol\OneDrive\Documents\mn_school_db_v2\node_modules\ts-node\src\index.ts:859:12)
    at reportTSError (C:\Users\siuol\OneDrive\Documents\mn_school_db_v2\node_modules\ts-node\src\index.ts:863:19)
    at getOutput (C:\Users\siuol\OneDrive\Documents\mn_school_db_v2\node_modules\ts-node\src\index.ts:1077:36)
    at Object.compile (C:\Users\siuol\OneDrive\Documents\mn_school_db_v2\node_modules\ts-node\src\index.ts:1433:41)
    at Module.m._compile (C:\Users\siuol\OneDrive\Documents\mn_school_db_v2\node_modules\ts-node\src\index.ts:1617:30)
    at Module._extensions..js (node:internal/modules/cjs/loader:1310:10)
    at Object.require.extensions.<computed> [as .ts] (C:\Users\siuol\OneDrive\Documents\mn_school_db_v2\node_modules\ts-node\src\index.ts:1621:12)
    at Module.load (node:internal/modules/cjs/loader:1119:32)
    at Function.Module._load (node:internal/modules/cjs/loader:960:12)
    at Module.require (node:internal/modules/cjs/loader:1143:19)
2025-03-23T07:49:24.967Z error: TSError: тип Unable to compile TypeScript:
[96msrc/shared/middleware/auth.ts[0m:[93m90[0m:[93m19[0m - [91merror[0m[90m TS2304: [0mCannot find name 'UserRole'.

[7m90[0m     allowedRoles: UserRole | UserRole[]
[7m  [0m [91m                  ~~~~~~~~[0m
[96msrc/shared/middleware/auth.ts[0m:[93m90[0m:[93m30[0m - [91merror[0m[90m TS2304: [0mCannot find name 'UserRole'.

[7m90[0m     allowedRoles: UserRole | UserRole[]
[7m  [0m [91m                             ~~~~~~~~[0m
[96msrc/shared/middleware/auth.ts[0m:[93m100[0m:[93m41[0m - [91merror[0m[90m TS2304: [0mCannot find name 'UserRole'.

[7m100[0m       const userRole = req.user.role as UserRole;
[7m   [0m [91m                                        ~~~~~~~~[0m

    at createTSError (C:\Users\siuol\OneDrive\Documents\mn_school_db_v2\node_modules\ts-node\src\index.ts:859:12)
    at reportTSError (C:\Users\siuol\OneDrive\Documents\mn_school_db_v2\node_modules\ts-node\src\index.ts:863:19)
    at getOutput (C:\Users\siuol\OneDrive\Documents\mn_school_db_v2\node_modules\ts-node\src\index.ts:1077:36)
    at Object.compile (C:\Users\siuol\OneDrive\Documents\mn_school_db_v2\node_modules\ts-node\src\index.ts:1433:41)
    at Module.m._compile (C:\Users\siuol\OneDrive\Documents\mn_school_db_v2\node_modules\ts-node\src\index.ts:1617:30)
    at Module._extensions..js (node:internal/modules/cjs/loader:1310:10)
    at Object.require.extensions.<computed> [as .ts] (C:\Users\siuol\OneDrive\Documents\mn_school_db_v2\node_modules\ts-node\src\index.ts:1621:12)
    at Module.load (node:internal/modules/cjs/loader:1119:32)
    at Function.Module._load (node:internal/modules/cjs/loader:960:12)
    at Module.require (node:internal/modules/cjs/loader:1143:19)
2025-03-23T07:49:42.328Z error: TSError: тип Unable to compile TypeScript:
[96msrc/shared/middleware/auth.ts[0m:[93m5[0m:[93m10[0m - [91merror[0m[90m TS2305: [0mModule '"@/features/rbac/constants/roles"' has no exported member 'UserRole'.

[7m5[0m import { UserRole } from "@/features/rbac/constants/roles";
[7m [0m [91m         ~~~~~~~~[0m

    at createTSError (C:\Users\siuol\OneDrive\Documents\mn_school_db_v2\node_modules\ts-node\src\index.ts:859:12)
    at reportTSError (C:\Users\siuol\OneDrive\Documents\mn_school_db_v2\node_modules\ts-node\src\index.ts:863:19)
    at getOutput (C:\Users\siuol\OneDrive\Documents\mn_school_db_v2\node_modules\ts-node\src\index.ts:1077:36)
    at Object.compile (C:\Users\siuol\OneDrive\Documents\mn_school_db_v2\node_modules\ts-node\src\index.ts:1433:41)
    at Module.m._compile (C:\Users\siuol\OneDrive\Documents\mn_school_db_v2\node_modules\ts-node\src\index.ts:1617:30)
    at Module._extensions..js (node:internal/modules/cjs/loader:1310:10)
    at Object.require.extensions.<computed> [as .ts] (C:\Users\siuol\OneDrive\Documents\mn_school_db_v2\node_modules\ts-node\src\index.ts:1621:12)
    at Module.load (node:internal/modules/cjs/loader:1119:32)
    at Function.Module._load (node:internal/modules/cjs/loader:960:12)
    at Module.require (node:internal/modules/cjs/loader:1143:19)
2025-03-23T07:50:00.635Z error: TSError: тип Unable to compile TypeScript:
[96msrc/shared/middleware/auth.ts[0m:[93m90[0m:[93m19[0m - [91merror[0m[90m TS2304: [0mCannot find name 'UserRole'.

[7m90[0m     allowedRoles: UserRole | UserRole[]
[7m  [0m [91m                  ~~~~~~~~[0m
[96msrc/shared/middleware/auth.ts[0m:[93m90[0m:[93m30[0m - [91merror[0m[90m TS2304: [0mCannot find name 'UserRole'.

[7m90[0m     allowedRoles: UserRole | UserRole[]
[7m  [0m [91m                             ~~~~~~~~[0m
[96msrc/shared/middleware/auth.ts[0m:[93m100[0m:[93m41[0m - [91merror[0m[90m TS2304: [0mCannot find name 'UserRole'.

[7m100[0m       const userRole = req.user.role as UserRole;
[7m   [0m [91m                                        ~~~~~~~~[0m

    at createTSError (C:\Users\siuol\OneDrive\Documents\mn_school_db_v2\node_modules\ts-node\src\index.ts:859:12)
    at reportTSError (C:\Users\siuol\OneDrive\Documents\mn_school_db_v2\node_modules\ts-node\src\index.ts:863:19)
    at getOutput (C:\Users\siuol\OneDrive\Documents\mn_school_db_v2\node_modules\ts-node\src\index.ts:1077:36)
    at Object.compile (C:\Users\siuol\OneDrive\Documents\mn_school_db_v2\node_modules\ts-node\src\index.ts:1433:41)
    at Module.m._compile (C:\Users\siuol\OneDrive\Documents\mn_school_db_v2\node_modules\ts-node\src\index.ts:1617:30)
    at Module._extensions..js (node:internal/modules/cjs/loader:1310:10)
    at Object.require.extensions.<computed> [as .ts] (C:\Users\siuol\OneDrive\Documents\mn_school_db_v2\node_modules\ts-node\src\index.ts:1621:12)
    at Module.load (node:internal/modules/cjs/loader:1119:32)
    at Function.Module._load (node:internal/modules/cjs/loader:960:12)
    at Module.require (node:internal/modules/cjs/loader:1143:19)
2025-03-23T08:06:05.857Z error: TSError: тип Unable to compile TypeScript:
[96msrc/features/auth/controller.ts[0m:[93m173[0m:[93m52[0m - [91merror[0m[90m TS2339: [0mProperty 'isEmailRegistered' does not exist on type 'IAuthService'.

[7m173[0m       const isEmailRegistered = await this.service.isEmailRegistered(email);
[7m   [0m [91m                                                   ~~~~~~~~~~~~~~~~~[0m

    at createTSError (C:\Users\siuol\OneDrive\Documents\mn_school_db_v2\node_modules\ts-node\src\index.ts:859:12)
    at reportTSError (C:\Users\siuol\OneDrive\Documents\mn_school_db_v2\node_modules\ts-node\src\index.ts:863:19)
    at getOutput (C:\Users\siuol\OneDrive\Documents\mn_school_db_v2\node_modules\ts-node\src\index.ts:1077:36)
    at Object.compile (C:\Users\siuol\OneDrive\Documents\mn_school_db_v2\node_modules\ts-node\src\index.ts:1433:41)
    at Module.m._compile (C:\Users\siuol\OneDrive\Documents\mn_school_db_v2\node_modules\ts-node\src\index.ts:1617:30)
    at Module._extensions..js (node:internal/modules/cjs/loader:1310:10)
    at Object.require.extensions.<computed> [as .ts] (C:\Users\siuol\OneDrive\Documents\mn_school_db_v2\node_modules\ts-node\src\index.ts:1621:12)
    at Module.load (node:internal/modules/cjs/loader:1119:32)
    at Function.Module._load (node:internal/modules/cjs/loader:960:12)
    at Module.require (node:internal/modules/cjs/loader:1143:19)
2025-03-23T08:07:17.422Z error: TSError: тип Unable to compile TypeScript:
[96msrc/features/auth/controller.ts[0m:[93m173[0m:[93m52[0m - [91merror[0m[90m TS2339: [0mProperty 'isEmailRegistered' does not exist on type 'IAuthService'.

[7m173[0m       const isEmailRegistered = await this.service.isEmailRegistered(email);
[7m   [0m [91m                                                   ~~~~~~~~~~~~~~~~~[0m

    at createTSError (C:\Users\siuol\OneDrive\Documents\mn_school_db_v2\node_modules\ts-node\src\index.ts:859:12)
    at reportTSError (C:\Users\siuol\OneDrive\Documents\mn_school_db_v2\node_modules\ts-node\src\index.ts:863:19)
    at getOutput (C:\Users\siuol\OneDrive\Documents\mn_school_db_v2\node_modules\ts-node\src\index.ts:1077:36)
    at Object.compile (C:\Users\siuol\OneDrive\Documents\mn_school_db_v2\node_modules\ts-node\src\index.ts:1433:41)
    at Module.m._compile (C:\Users\siuol\OneDrive\Documents\mn_school_db_v2\node_modules\ts-node\src\index.ts:1617:30)
    at Module._extensions..js (node:internal/modules/cjs/loader:1310:10)
    at Object.require.extensions.<computed> [as .ts] (C:\Users\siuol\OneDrive\Documents\mn_school_db_v2\node_modules\ts-node\src\index.ts:1621:12)
    at Module.load (node:internal/modules/cjs/loader:1119:32)
    at Function.Module._load (node:internal/modules/cjs/loader:960:12)
    at Module.require (node:internal/modules/cjs/loader:1143:19)
2025-03-23T21:04:10.075Z error: TSError: тип Unable to compile TypeScript:
[96msrc/features/associations.ts[0m:[93m11[0m:[93m8[0m - [91merror[0m[90m TS1192: [0mModule '"C:/Users/siuol/OneDrive/Documents/mn_school_db_v2/src/features/schools/model"' has no default export.

[7m11[0m import School from "./schools/model";
[7m  [0m [91m       ~~~~~~[0m

    at createTSError (C:\Users\siuol\OneDrive\Documents\mn_school_db_v2\node_modules\ts-node\src\index.ts:859:12)
    at reportTSError (C:\Users\siuol\OneDrive\Documents\mn_school_db_v2\node_modules\ts-node\src\index.ts:863:19)
    at getOutput (C:\Users\siuol\OneDrive\Documents\mn_school_db_v2\node_modules\ts-node\src\index.ts:1077:36)
    at Object.compile (C:\Users\siuol\OneDrive\Documents\mn_school_db_v2\node_modules\ts-node\src\index.ts:1433:41)
    at Module.m._compile (C:\Users\siuol\OneDrive\Documents\mn_school_db_v2\node_modules\ts-node\src\index.ts:1617:30)
    at Module._extensions..js (node:internal/modules/cjs/loader:1310:10)
    at Object.require.extensions.<computed> [as .ts] (C:\Users\siuol\OneDrive\Documents\mn_school_db_v2\node_modules\ts-node\src\index.ts:1621:12)
    at Module.load (node:internal/modules/cjs/loader:1119:32)
    at Function.Module._load (node:internal/modules/cjs/loader:960:12)
    at Module.require (node:internal/modules/cjs/loader:1143:19)
2025-03-23T21:04:50.581Z error: TSError: тип Unable to compile TypeScript:
[96msrc/features/associations.ts[0m:[93m11[0m:[93m8[0m - [91merror[0m[90m TS1192: [0mModule '"C:/Users/siuol/OneDrive/Documents/mn_school_db_v2/src/features/schools/model"' has no default export.

[7m11[0m import School from "./schools/model";
[7m  [0m [91m       ~~~~~~[0m

    at createTSError (C:\Users\siuol\OneDrive\Documents\mn_school_db_v2\node_modules\ts-node\src\index.ts:859:12)
    at reportTSError (C:\Users\siuol\OneDrive\Documents\mn_school_db_v2\node_modules\ts-node\src\index.ts:863:19)
    at getOutput (C:\Users\siuol\OneDrive\Documents\mn_school_db_v2\node_modules\ts-node\src\index.ts:1077:36)
    at Object.compile (C:\Users\siuol\OneDrive\Documents\mn_school_db_v2\node_modules\ts-node\src\index.ts:1433:41)
    at Module.m._compile (C:\Users\siuol\OneDrive\Documents\mn_school_db_v2\node_modules\ts-node\src\index.ts:1617:30)
    at Module._extensions..js (node:internal/modules/cjs/loader:1310:10)
    at Object.require.extensions.<computed> [as .ts] (C:\Users\siuol\OneDrive\Documents\mn_school_db_v2\node_modules\ts-node\src\index.ts:1621:12)
    at Module.load (node:internal/modules/cjs/loader:1119:32)
    at Function.Module._load (node:internal/modules/cjs/loader:960:12)
    at Module.require (node:internal/modules/cjs/loader:1143:19)
2025-03-23T21:05:47.608Z error: Error: SchoolAddress.belongsTo called with something that's not a subclass of Sequelize.Model
    at Function.<anonymous> (C:\Users\siuol\OneDrive\Documents\mn_school_db_v2\node_modules\sequelize\src\associations\mixin.js:93:13)
    at Object.<anonymous> (C:\Users\siuol\OneDrive\Documents\mn_school_db_v2\src\features\schools\address-link.model.ts:87:15)
    at Module._compile (node:internal/modules/cjs/loader:1256:14)
    at Module.m._compile (C:\Users\siuol\OneDrive\Documents\mn_school_db_v2\node_modules\ts-node\src\index.ts:1618:23)
    at Module._extensions..js (node:internal/modules/cjs/loader:1310:10)
    at Object.require.extensions.<computed> [as .ts] (C:\Users\siuol\OneDrive\Documents\mn_school_db_v2\node_modules\ts-node\src\index.ts:1621:12)
    at Module.load (node:internal/modules/cjs/loader:1119:32)
    at Function.Module._load (node:internal/modules/cjs/loader:960:12)
    at Module.require (node:internal/modules/cjs/loader:1143:19)
    at require (node:internal/modules/cjs/helpers:119:18)
2025-03-23T21:07:03.187Z error: Error: SchoolAddress.belongsTo called with something that's not a subclass of Sequelize.Model
    at Function.<anonymous> (C:\Users\siuol\OneDrive\Documents\mn_school_db_v2\node_modules\sequelize\src\associations\mixin.js:93:13)
    at Object.<anonymous> (C:\Users\siuol\OneDrive\Documents\mn_school_db_v2\src\features\schools\address-link.model.ts:87:15)
    at Module._compile (node:internal/modules/cjs/loader:1256:14)
    at Module.m._compile (C:\Users\siuol\OneDrive\Documents\mn_school_db_v2\node_modules\ts-node\src\index.ts:1618:23)
    at Module._extensions..js (node:internal/modules/cjs/loader:1310:10)
    at Object.require.extensions.<computed> [as .ts] (C:\Users\siuol\OneDrive\Documents\mn_school_db_v2\node_modules\ts-node\src\index.ts:1621:12)
    at Module.load (node:internal/modules/cjs/loader:1119:32)
    at Function.Module._load (node:internal/modules/cjs/loader:960:12)
    at Module.require (node:internal/modules/cjs/loader:1143:19)
    at require (node:internal/modules/cjs/helpers:119:18)
2025-03-23T21:07:33.602Z error: Error: SchoolAddress.belongsTo called with something that's not a subclass of Sequelize.Model
    at Function.<anonymous> (C:\Users\siuol\OneDrive\Documents\mn_school_db_v2\node_modules\sequelize\src\associations\mixin.js:93:13)
    at Object.<anonymous> (C:\Users\siuol\OneDrive\Documents\mn_school_db_v2\src\features\schools\address-link.model.ts:87:15)
    at Module._compile (node:internal/modules/cjs/loader:1256:14)
    at Module.m._compile (C:\Users\siuol\OneDrive\Documents\mn_school_db_v2\node_modules\ts-node\src\index.ts:1618:23)
    at Module._extensions..js (node:internal/modules/cjs/loader:1310:10)
    at Object.require.extensions.<computed> [as .ts] (C:\Users\siuol\OneDrive\Documents\mn_school_db_v2\node_modules\ts-node\src\index.ts:1621:12)
    at Module.load (node:internal/modules/cjs/loader:1119:32)
    at Function.Module._load (node:internal/modules/cjs/loader:960:12)
    at Module.require (node:internal/modules/cjs/loader:1143:19)
    at require (node:internal/modules/cjs/helpers:119:18)
2025-03-23T21:13:14.514Z error: Error: SchoolAddress.belongsTo called with something that's not a subclass of Sequelize.Model
    at Function.<anonymous> (C:\Users\siuol\OneDrive\Documents\mn_school_db_v2\node_modules\sequelize\src\associations\mixin.js:93:13)
    at Object.<anonymous> (C:\Users\siuol\OneDrive\Documents\mn_school_db_v2\src\features\schools\address-link.model.ts:87:15)
    at Module._compile (node:internal/modules/cjs/loader:1256:14)
    at Module.m._compile (C:\Users\siuol\OneDrive\Documents\mn_school_db_v2\node_modules\ts-node\src\index.ts:1618:23)
    at Module._extensions..js (node:internal/modules/cjs/loader:1310:10)
    at Object.require.extensions.<computed> [as .ts] (C:\Users\siuol\OneDrive\Documents\mn_school_db_v2\node_modules\ts-node\src\index.ts:1621:12)
    at Module.load (node:internal/modules/cjs/loader:1119:32)
    at Function.Module._load (node:internal/modules/cjs/loader:960:12)
    at Module.require (node:internal/modules/cjs/loader:1143:19)
    at require (node:internal/modules/cjs/helpers:119:18)
2025-03-23T21:16:29.618Z error: Error: SchoolAddress.belongsTo called with something that's not a subclass of Sequelize.Model
    at Function.<anonymous> (C:\Users\siuol\OneDrive\Documents\mn_school_db_v2\node_modules\sequelize\src\associations\mixin.js:93:13)
    at Object.<anonymous> (C:\Users\siuol\OneDrive\Documents\mn_school_db_v2\src\features\schools\address-link.model.ts:87:15)
    at Module._compile (node:internal/modules/cjs/loader:1256:14)
    at Module.m._compile (C:\Users\siuol\OneDrive\Documents\mn_school_db_v2\node_modules\ts-node\src\index.ts:1618:23)
    at Module._extensions..js (node:internal/modules/cjs/loader:1310:10)
    at Object.require.extensions.<computed> [as .ts] (C:\Users\siuol\OneDrive\Documents\mn_school_db_v2\node_modules\ts-node\src\index.ts:1621:12)
    at Module.load (node:internal/modules/cjs/loader:1119:32)
    at Function.Module._load (node:internal/modules/cjs/loader:960:12)
    at Module.require (node:internal/modules/cjs/loader:1143:19)
    at require (node:internal/modules/cjs/helpers:119:18)
2025-03-23T21:23:56.322Z error: TSError: тип Unable to compile TypeScript:
[96msrc/routes/v1/index.ts[0m:[93m45[0m:[93m27[0m - [91merror[0m[90m TS2304: [0mCannot find name 'rbacRouter'.

[7m45[0m router.use("/rbac/roles", rbacRouter);
[7m  [0m [91m                          ~~~~~~~~~~[0m

    at createTSError (C:\Users\siuol\OneDrive\Documents\mn_school_db_v2\node_modules\ts-node\src\index.ts:859:12)
    at reportTSError (C:\Users\siuol\OneDrive\Documents\mn_school_db_v2\node_modules\ts-node\src\index.ts:863:19)
    at getOutput (C:\Users\siuol\OneDrive\Documents\mn_school_db_v2\node_modules\ts-node\src\index.ts:1077:36)
    at Object.compile (C:\Users\siuol\OneDrive\Documents\mn_school_db_v2\node_modules\ts-node\src\index.ts:1433:41)
    at Module.m._compile (C:\Users\siuol\OneDrive\Documents\mn_school_db_v2\node_modules\ts-node\src\index.ts:1617:30)
    at Module._extensions..js (node:internal/modules/cjs/loader:1310:10)
    at Object.require.extensions.<computed> [as .ts] (C:\Users\siuol\OneDrive\Documents\mn_school_db_v2\node_modules\ts-node\src\index.ts:1621:12)
    at Module.load (node:internal/modules/cjs/loader:1119:32)
    at Function.Module._load (node:internal/modules/cjs/loader:960:12)
    at Module.require (node:internal/modules/cjs/loader:1143:19)
2025-03-23T21:26:38.713Z error: TSError: тип Unable to compile TypeScript:
[96msrc/features/rbac/services/roles.service.ts[0m:[93m3[0m:[93m61[0m - [91merror[0m[90m TS2307: [0mCannot find module '../interfaces' or its corresponding type declarations.

[7m3[0m import { RoleInterface, CreateRoleDto, UpdateRoleDto } from "../interfaces";
[7m [0m [91m                                                            ~~~~~~~~~~~~~~~[0m

    at createTSError (C:\Users\siuol\OneDrive\Documents\mn_school_db_v2\node_modules\ts-node\src\index.ts:859:12)
    at reportTSError (C:\Users\siuol\OneDrive\Documents\mn_school_db_v2\node_modules\ts-node\src\index.ts:863:19)
    at getOutput (C:\Users\siuol\OneDrive\Documents\mn_school_db_v2\node_modules\ts-node\src\index.ts:1077:36)
    at Object.compile (C:\Users\siuol\OneDrive\Documents\mn_school_db_v2\node_modules\ts-node\src\index.ts:1433:41)
    at Module.m._compile (C:\Users\siuol\OneDrive\Documents\mn_school_db_v2\node_modules\ts-node\src\index.ts:1617:30)
    at Module._extensions..js (node:internal/modules/cjs/loader:1310:10)
    at Object.require.extensions.<computed> [as .ts] (C:\Users\siuol\OneDrive\Documents\mn_school_db_v2\node_modules\ts-node\src\index.ts:1621:12)
    at Module.load (node:internal/modules/cjs/loader:1119:32)
    at Function.Module._load (node:internal/modules/cjs/loader:960:12)
    at Module.require (node:internal/modules/cjs/loader:1143:19)
2025-03-23T22:08:17.711Z error: TSError: тип Unable to compile TypeScript:
[96msrc/features/schools/service.ts[0m:[93m180[0m:[93m18[0m - [91merror[0m[90m TS2304: [0mCannot find name 'CreateAddressDTO'.

[7m180[0m     addressData: CreateAddressDTO
[7m   [0m [91m                 ~~~~~~~~~~~~~~~~[0m
[96msrc/features/schools/service.ts[0m:[93m184[0m:[93m33[0m - [91merror[0m[90m TS2304: [0mCannot find name 'db'.

[7m184[0m       const transaction = await db.sequelize.transaction();
[7m   [0m [91m                                ~~[0m

    at createTSError (C:\Users\siuol\OneDrive\Documents\mn_school_db_v2\node_modules\ts-node\src\index.ts:859:12)
    at reportTSError (C:\Users\siuol\OneDrive\Documents\mn_school_db_v2\node_modules\ts-node\src\index.ts:863:19)
    at getOutput (C:\Users\siuol\OneDrive\Documents\mn_school_db_v2\node_modules\ts-node\src\index.ts:1077:36)
    at Object.compile (C:\Users\siuol\OneDrive\Documents\mn_school_db_v2\node_modules\ts-node\src\index.ts:1433:41)
    at Module.m._compile (C:\Users\siuol\OneDrive\Documents\mn_school_db_v2\node_modules\ts-node\src\index.ts:1617:30)
    at Module._extensions..js (node:internal/modules/cjs/loader:1310:10)
    at Object.require.extensions.<computed> [as .ts] (C:\Users\siuol\OneDrive\Documents\mn_school_db_v2\node_modules\ts-node\src\index.ts:1621:12)
    at Module.load (node:internal/modules/cjs/loader:1119:32)
    at Function.Module._load (node:internal/modules/cjs/loader:960:12)
    at Module.require (node:internal/modules/cjs/loader:1143:19)
2025-03-23T22:22:08.762Z error: TSError: тип Unable to compile TypeScript:
[96msrc/routes/v1/index.ts[0m:[93m9[0m:[93m8[0m - [91merror[0m[90m TS1192: [0mModule '"C:/Users/siuol/OneDrive/Documents/mn_school_db_v2/src/features/search/routes"' has no default export.

[7m9[0m import searchRouter from "../../features/search/routes";
[7m [0m [91m       ~~~~~~~~~~~~[0m

    at createTSError (C:\Users\siuol\OneDrive\Documents\mn_school_db_v2\node_modules\ts-node\src\index.ts:859:12)
    at reportTSError (C:\Users\siuol\OneDrive\Documents\mn_school_db_v2\node_modules\ts-node\src\index.ts:863:19)
    at getOutput (C:\Users\siuol\OneDrive\Documents\mn_school_db_v2\node_modules\ts-node\src\index.ts:1077:36)
    at Object.compile (C:\Users\siuol\OneDrive\Documents\mn_school_db_v2\node_modules\ts-node\src\index.ts:1433:41)
    at Module.m._compile (C:\Users\siuol\OneDrive\Documents\mn_school_db_v2\node_modules\ts-node\src\index.ts:1617:30)
    at Module._extensions..js (node:internal/modules/cjs/loader:1310:10)
    at Object.require.extensions.<computed> [as .ts] (C:\Users\siuol\OneDrive\Documents\mn_school_db_v2\node_modules\ts-node\src\index.ts:1621:12)
    at Module.load (node:internal/modules/cjs/loader:1119:32)
    at Function.Module._load (node:internal/modules/cjs/loader:960:12)
    at Module.require (node:internal/modules/cjs/loader:1143:19)
2025-03-23T22:22:58.457Z error: TSError: тип Unable to compile TypeScript:
[96msrc/features/search/service.ts[0m:[93m64[0m:[93m11[0m - [91merror[0m[90m TS7034: [0mVariable 'allResults' implicitly has type 'any[]' in some locations where its type cannot be determined.

[7m64[0m       let allResults = [];
[7m  [0m [91m          ~~~~~~~~~~[0m
[96msrc/features/search/service.ts[0m:[93m103[0m:[93m7[0m - [91merror[0m[90m TS7005: [0mVariable 'allResults' implicitly has an 'any[]' type.

[7m103[0m       allResults.sort((a, b) => b.relevanceScore - a.relevanceScore);
[7m   [0m [91m      ~~~~~~~~~~[0m
[96msrc/features/search/service.ts[0m:[93m109[0m:[93m32[0m - [91merror[0m[90m TS7005: [0mVariable 'allResults' implicitly has an 'any[]' type.

[7m109[0m       const paginatedResults = allResults.slice(startIndex, endIndex);
[7m   [0m [91m                               ~~~~~~~~~~[0m
[96msrc/features/search/service.ts[0m:[93m115[0m:[93m59[0m - [91merror[0m[90m TS7005: [0mVariable 'allResults' implicitly has an 'any[]' type.

[7m115[0m       const suggestions = this.generateSuggestions(query, allResults);
[7m   [0m [91m                                                          ~~~~~~~~~~[0m
[96msrc/features/search/service.ts[0m:[93m350[0m:[93m30[0m - [91merror[0m[90m TS2339: [0mProperty 'keys' does not exist on type 'CacheUtil'.

[7m350[0m     const keys = await cache.keys(`${this.CACHE_PREFIX}*`);
[7m   [0m [91m                             ~~~~[0m
[96msrc/features/search/service.ts[0m:[93m353[0m:[93m35[0m - [91merror[0m[90m TS7006: [0mParameter 'key' implicitly has an 'any' type.

[7m353[0m       await Promise.all(keys.map((key) => cache.del(key)));
[7m   [0m [91m                                  ~~~[0m

    at createTSError (C:\Users\siuol\OneDrive\Documents\mn_school_db_v2\node_modules\ts-node\src\index.ts:859:12)
    at reportTSError (C:\Users\siuol\OneDrive\Documents\mn_school_db_v2\node_modules\ts-node\src\index.ts:863:19)
    at getOutput (C:\Users\siuol\OneDrive\Documents\mn_school_db_v2\node_modules\ts-node\src\index.ts:1077:36)
    at Object.compile (C:\Users\siuol\OneDrive\Documents\mn_school_db_v2\node_modules\ts-node\src\index.ts:1433:41)
    at Module.m._compile (C:\Users\siuol\OneDrive\Documents\mn_school_db_v2\node_modules\ts-node\src\index.ts:1617:30)
    at Module._extensions..js (node:internal/modules/cjs/loader:1310:10)
    at Object.require.extensions.<computed> [as .ts] (C:\Users\siuol\OneDrive\Documents\mn_school_db_v2\node_modules\ts-node\src\index.ts:1621:12)
    at Module.load (node:internal/modules/cjs/loader:1119:32)
    at Function.Module._load (node:internal/modules/cjs/loader:960:12)
    at Module.require (node:internal/modules/cjs/loader:1143:19)
2025-03-23T22:23:29.913Z error: TSError: тип Unable to compile TypeScript:
[96msrc/features/search/service.ts[0m:[93m64[0m:[93m11[0m - [91merror[0m[90m TS7034: [0mVariable 'allResults' implicitly has type 'any[]' in some locations where its type cannot be determined.

[7m64[0m       let allResults = [];
[7m  [0m [91m          ~~~~~~~~~~[0m
[96msrc/features/search/service.ts[0m:[93m103[0m:[93m7[0m - [91merror[0m[90m TS7005: [0mVariable 'allResults' implicitly has an 'any[]' type.

[7m103[0m       allResults.sort((a, b) => b.relevanceScore - a.relevanceScore);
[7m   [0m [91m      ~~~~~~~~~~[0m
[96msrc/features/search/service.ts[0m:[93m109[0m:[93m32[0m - [91merror[0m[90m TS7005: [0mVariable 'allResults' implicitly has an 'any[]' type.

[7m109[0m       const paginatedResults = allResults.slice(startIndex, endIndex);
[7m   [0m [91m                               ~~~~~~~~~~[0m
[96msrc/features/search/service.ts[0m:[93m115[0m:[93m59[0m - [91merror[0m[90m TS7005: [0mVariable 'allResults' implicitly has an 'any[]' type.

[7m115[0m       const suggestions = this.generateSuggestions(query, allResults);
[7m   [0m [91m                                                          ~~~~~~~~~~[0m
[96msrc/features/search/service.ts[0m:[93m350[0m:[93m30[0m - [91merror[0m[90m TS2339: [0mProperty 'keys' does not exist on type 'CacheUtil'.

[7m350[0m     const keys = await cache.keys(`${this.CACHE_PREFIX}*`);
[7m   [0m [91m                             ~~~~[0m
[96msrc/features/search/service.ts[0m:[93m353[0m:[93m35[0m - [91merror[0m[90m TS7006: [0mParameter 'key' implicitly has an 'any' type.

[7m353[0m       await Promise.all(keys.map((key) => cache.del(key)));
[7m   [0m [91m                                  ~~~[0m

    at createTSError (C:\Users\siuol\OneDrive\Documents\mn_school_db_v2\node_modules\ts-node\src\index.ts:859:12)
    at reportTSError (C:\Users\siuol\OneDrive\Documents\mn_school_db_v2\node_modules\ts-node\src\index.ts:863:19)
    at getOutput (C:\Users\siuol\OneDrive\Documents\mn_school_db_v2\node_modules\ts-node\src\index.ts:1077:36)
    at Object.compile (C:\Users\siuol\OneDrive\Documents\mn_school_db_v2\node_modules\ts-node\src\index.ts:1433:41)
    at Module.m._compile (C:\Users\siuol\OneDrive\Documents\mn_school_db_v2\node_modules\ts-node\src\index.ts:1617:30)
    at Module._extensions..js (node:internal/modules/cjs/loader:1310:10)
    at Object.require.extensions.<computed> [as .ts] (C:\Users\siuol\OneDrive\Documents\mn_school_db_v2\node_modules\ts-node\src\index.ts:1621:12)
    at Module.load (node:internal/modules/cjs/loader:1119:32)
    at Function.Module._load (node:internal/modules/cjs/loader:960:12)
    at Module.require (node:internal/modules/cjs/loader:1143:19)
2025-03-23T22:44:18.652Z error: TSError: тип Unable to compile TypeScript:
[96msrc/features/auth/repository.ts[0m:[93m19[0m:[93m7[0m - [91merror[0m[90m TS2322: [0mType 'User | null' is not assignable to type 'UserInterface | null'.
  Property 'phoneNumber' is missing in type 'User' but required in type 'UserInterface'.

[7m19[0m       return await User.findOne({
[7m  [0m [91m      ~~~~~~[0m

  [96msrc/features/users/interfaces.ts[0m:[93m8[0m:[93m3[0m
    [7m8[0m   phoneNumber: string;
    [7m [0m [96m  ~~~~~~~~~~~[0m
    'phoneNumber' is declared here.
[96msrc/features/auth/repository.ts[0m:[93m42[0m:[93m7[0m - [91merror[0m[90m TS2322: [0mType 'User | null' is not assignable to type 'UserInterface | null'.
  Property 'phoneNumber' is missing in type 'User' but required in type 'UserInterface'.

[7m42[0m       return await User.findByPk(id, {
[7m  [0m [91m      ~~~~~~[0m

  [96msrc/features/users/interfaces.ts[0m:[93m8[0m:[93m3[0m
    [7m8[0m   phoneNumber: string;
    [7m [0m [96m  ~~~~~~~~~~~[0m
    'phoneNumber' is declared here.
[96msrc/features/auth/repository.ts[0m:[93m66[0m:[93m7[0m - [91merror[0m[90m TS2741: [0mProperty 'phoneNumber' is missing in type 'User' but required in type 'UserInterface'.

[7m66[0m       return await User.create(userData as any);
[7m  [0m [91m      ~~~~~~[0m

  [96msrc/features/users/interfaces.ts[0m:[93m8[0m:[93m3[0m
    [7m8[0m   phoneNumber: string;
    [7m [0m [96m  ~~~~~~~~~~~[0m
    'phoneNumber' is declared here.
[96msrc/features/auth/repository.ts[0m:[93m100[0m:[93m11[0m - [91merror[0m[90m TS2769: [0mNo overload matches this call.
  Overload 1 of 2, '(this: ModelStatic<...>, values: { id?: string | Fn | Col | Literal | undefined; firstName?: string | Fn | Col | Literal | undefined; lastName?: string | Fn | Col | Literal | undefined; ... 8 more ...; updatedAt?: Date | ... 3 more ... | undefined; }, options: Omit<...> & { ...; }): Promise<...>', gave the following error.
    Object literal may only specify known properties, and 'passwordResetToken' does not exist in type '{ id?: string | Fn | Col | Literal | undefined; firstName?: string | Fn | Col | Literal | undefined; lastName?: string | Fn | Col | Literal | undefined; ... 8 more ...; updatedAt?: Date | ... 3 more ... | undefined; }'.
  Overload 2 of 2, '(this: ModelStatic<...>, values: { id?: string | Fn | Col | Literal | undefined; firstName?: string | Fn | Col | Literal | undefined; lastName?: string | Fn | Col | Literal | undefined; ... 8 more ...; updatedAt?: Date | ... 3 more ... | undefined; }, options: UpdateOptions<...>): Promise<...>', gave the following error.
    Object literal may only specify known properties, and 'passwordResetToken' does not exist in type '{ id?: string | Fn | Col | Literal | undefined; firstName?: string | Fn | Col | Literal | undefined; lastName?: string | Fn | Col | Literal | undefined; ... 8 more ...; updatedAt?: Date | ... 3 more ... | undefined; }'.

[7m100[0m           passwordResetToken: token,
[7m   [0m [91m          ~~~~~~~~~~~~~~~~~~[0m

[96msrc/features/auth/repository.ts[0m:[93m120[0m:[93m7[0m - [91merror[0m[90m TS2741: [0mProperty 'phoneNumber' is missing in type 'User' but required in type 'UserInterface'.

[7m120[0m       return await User.findOne({
[7m   [0m [91m      ~~~~~~[0m

  [96msrc/features/users/interfaces.ts[0m:[93m8[0m:[93m3[0m
    [7m8[0m   phoneNumber: string;
    [7m [0m [96m  ~~~~~~~~~~~[0m
    'phoneNumber' is declared here.
[96msrc/features/auth/repository.ts[0m:[93m122[0m:[93m11[0m - [91merror[0m[90m TS2769: [0mNo overload matches this call.
  Overload 1 of 2, '(this: ModelStatic<User>, options: NonNullFindOptions<UserInterface>): Promise<User>', gave the following error.
    Object literal may only specify known properties, and 'passwordResetToken' does not exist in type 'WhereOptions<UserInterface>'.
  Overload 2 of 2, '(this: ModelStatic<User>, options?: FindOptions<UserInterface> | undefined): Promise<User | null>', gave the following error.
    Object literal may only specify known properties, and 'passwordResetToken' does not exist in type 'WhereOptions<UserInterface>'.

[7m122[0m           passwordResetToken: token,
[7m   [0m [91m          ~~~~~~~~~~~~~~~~~~[0m

  [96mnode_modules/sequelize/types/model.d.ts[0m:[93m55[0m:[93m3[0m
    [7m55[0m   where?: WhereOptions<TAttributes>;
    [7m  [0m [96m  ~~~~~[0m
    The expected type comes from property 'where' which is declared here on type 'NonNullFindOptions<UserInterface>'
[96msrc/features/auth/repository.ts[0m:[93m143[0m:[93m11[0m - [91merror[0m[90m TS2769: [0mNo overload matches this call.
  Overload 1 of 2, '(this: ModelStatic<...>, values: { id?: string | Fn | Col | Literal | undefined; firstName?: string | Fn | Col | Literal | undefined; lastName?: string | Fn | Col | Literal | undefined; ... 8 more ...; updatedAt?: Date | ... 3 more ... | undefined; }, options: Omit<...> & { ...; }): Promise<...>', gave the following error.
    Object literal may only specify known properties, and 'passwordResetToken' does not exist in type '{ id?: string | Fn | Col | Literal | undefined; firstName?: string | Fn | Col | Literal | undefined; lastName?: string | Fn | Col | Literal | undefined; ... 8 more ...; updatedAt?: Date | ... 3 more ... | undefined; }'.
  Overload 2 of 2, '(this: ModelStatic<...>, values: { id?: string | Fn | Col | Literal | undefined; firstName?: string | Fn | Col | Literal | undefined; lastName?: string | Fn | Col | Literal | undefined; ... 8 more ...; updatedAt?: Date | ... 3 more ... | undefined; }, options: UpdateOptions<...>): Promise<...>', gave the following error.
    Object literal may only specify known properties, and 'passwordResetToken' does not exist in type '{ id?: string | Fn | Col | Literal | undefined; firstName?: string | Fn | Col | Literal | undefined; lastName?: string | Fn | Col | Literal | undefined; ... 8 more ...; updatedAt?: Date | ... 3 more ... | undefined; }'.

[7m143[0m           passwordResetToken: null,
[7m   [0m [91m          ~~~~~~~~~~~~~~~~~~[0m

[96msrc/features/auth/repository.ts[0m:[93m202[0m:[93m11[0m - [91merror[0m[90m TS2769: [0mNo overload matches this call.
  Overload 1 of 2, '(this: ModelStatic<...>, values: { id?: string | Fn | Col | Literal | undefined; firstName?: string | Fn | Col | Literal | undefined; lastName?: string | Fn | Col | Literal | undefined; ... 8 more ...; updatedAt?: Date | ... 3 more ... | undefined; }, options: Omit<...> & { ...; }): Promise<...>', gave the following error.
    Object literal may only specify known properties, and 'passwordResetToken' does not exist in type '{ id?: string | Fn | Col | Literal | undefined; firstName?: string | Fn | Col | Literal | undefined; lastName?: string | Fn | Col | Literal | undefined; ... 8 more ...; updatedAt?: Date | ... 3 more ... | undefined; }'.
  Overload 2 of 2, '(this: ModelStatic<...>, values: { id?: string | Fn | Col | Literal | undefined; firstName?: string | Fn | Col | Literal | undefined; lastName?: string | Fn | Col | Literal | undefined; ... 8 more ...; updatedAt?: Date | ... 3 more ... | undefined; }, options: UpdateOptions<...>): Promise<...>', gave the following error.
    Object literal may only specify known properties, and 'passwordResetToken' does not exist in type '{ id?: string | Fn | Col | Literal | undefined; firstName?: string | Fn | Col | Literal | undefined; lastName?: string | Fn | Col | Literal | undefined; ... 8 more ...; updatedAt?: Date | ... 3 more ... | undefined; }'.

[7m202[0m           passwordResetToken: null,
[7m   [0m [91m          ~~~~~~~~~~~~~~~~~~[0m


    at createTSError (C:\Users\siuol\OneDrive\Documents\mn_school_db_v2\node_modules\ts-node\src\index.ts:859:12)
    at reportTSError (C:\Users\siuol\OneDrive\Documents\mn_school_db_v2\node_modules\ts-node\src\index.ts:863:19)
    at getOutput (C:\Users\siuol\OneDrive\Documents\mn_school_db_v2\node_modules\ts-node\src\index.ts:1077:36)
    at Object.compile (C:\Users\siuol\OneDrive\Documents\mn_school_db_v2\node_modules\ts-node\src\index.ts:1433:41)
    at Module.m._compile (C:\Users\siuol\OneDrive\Documents\mn_school_db_v2\node_modules\ts-node\src\index.ts:1617:30)
    at Module._extensions..js (node:internal/modules/cjs/loader:1310:10)
    at Object.require.extensions.<computed> [as .ts] (C:\Users\siuol\OneDrive\Documents\mn_school_db_v2\node_modules\ts-node\src\index.ts:1621:12)
    at Module.load (node:internal/modules/cjs/loader:1119:32)
    at Function.Module._load (node:internal/modules/cjs/loader:960:12)
    at Module.require (node:internal/modules/cjs/loader:1143:19)
2025-03-23T22:46:03.042Z error: TSError: тип Unable to compile TypeScript:
[96msrc/features/auth/repository.ts[0m:[93m19[0m:[93m7[0m - [91merror[0m[90m TS2322: [0mType 'User | null' is not assignable to type 'UserInterface | null'.
  Property 'phoneNumber' is missing in type 'User' but required in type 'UserInterface'.

[7m19[0m       return await User.findOne({
[7m  [0m [91m      ~~~~~~[0m

  [96msrc/features/users/interfaces.ts[0m:[93m8[0m:[93m3[0m
    [7m8[0m   phoneNumber: string;
    [7m [0m [96m  ~~~~~~~~~~~[0m
    'phoneNumber' is declared here.
[96msrc/features/auth/repository.ts[0m:[93m42[0m:[93m7[0m - [91merror[0m[90m TS2322: [0mType 'User | null' is not assignable to type 'UserInterface | null'.
  Property 'phoneNumber' is missing in type 'User' but required in type 'UserInterface'.

[7m42[0m       return await User.findByPk(id, {
[7m  [0m [91m      ~~~~~~[0m

  [96msrc/features/users/interfaces.ts[0m:[93m8[0m:[93m3[0m
    [7m8[0m   phoneNumber: string;
    [7m [0m [96m  ~~~~~~~~~~~[0m
    'phoneNumber' is declared here.
[96msrc/features/auth/repository.ts[0m:[93m66[0m:[93m7[0m - [91merror[0m[90m TS2741: [0mProperty 'phoneNumber' is missing in type 'User' but required in type 'UserInterface'.

[7m66[0m       return await User.create(userData as any);
[7m  [0m [91m      ~~~~~~[0m

  [96msrc/features/users/interfaces.ts[0m:[93m8[0m:[93m3[0m
    [7m8[0m   phoneNumber: string;
    [7m [0m [96m  ~~~~~~~~~~~[0m
    'phoneNumber' is declared here.
[96msrc/features/auth/repository.ts[0m:[93m100[0m:[93m11[0m - [91merror[0m[90m TS2769: [0mNo overload matches this call.
  Overload 1 of 2, '(this: ModelStatic<...>, values: { id?: string | Fn | Col | Literal | undefined; firstName?: string | Fn | Col | Literal | undefined; lastName?: string | Fn | Col | Literal | undefined; ... 8 more ...; updatedAt?: Date | ... 3 more ... | undefined; }, options: Omit<...> & { ...; }): Promise<...>', gave the following error.
    Object literal may only specify known properties, and 'passwordResetToken' does not exist in type '{ id?: string | Fn | Col | Literal | undefined; firstName?: string | Fn | Col | Literal | undefined; lastName?: string | Fn | Col | Literal | undefined; ... 8 more ...; updatedAt?: Date | ... 3 more ... | undefined; }'.
  Overload 2 of 2, '(this: ModelStatic<...>, values: { id?: string | Fn | Col | Literal | undefined; firstName?: string | Fn | Col | Literal | undefined; lastName?: string | Fn | Col | Literal | undefined; ... 8 more ...; updatedAt?: Date | ... 3 more ... | undefined; }, options: UpdateOptions<...>): Promise<...>', gave the following error.
    Object literal may only specify known properties, and 'passwordResetToken' does not exist in type '{ id?: string | Fn | Col | Literal | undefined; firstName?: string | Fn | Col | Literal | undefined; lastName?: string | Fn | Col | Literal | undefined; ... 8 more ...; updatedAt?: Date | ... 3 more ... | undefined; }'.

[7m100[0m           passwordResetToken: token,
[7m   [0m [91m          ~~~~~~~~~~~~~~~~~~[0m

[96msrc/features/auth/repository.ts[0m:[93m120[0m:[93m7[0m - [91merror[0m[90m TS2741: [0mProperty 'phoneNumber' is missing in type 'User' but required in type 'UserInterface'.

[7m120[0m       return await User.findOne({
[7m   [0m [91m      ~~~~~~[0m

  [96msrc/features/users/interfaces.ts[0m:[93m8[0m:[93m3[0m
    [7m8[0m   phoneNumber: string;
    [7m [0m [96m  ~~~~~~~~~~~[0m
    'phoneNumber' is declared here.
[96msrc/features/auth/repository.ts[0m:[93m122[0m:[93m11[0m - [91merror[0m[90m TS2769: [0mNo overload matches this call.
  Overload 1 of 2, '(this: ModelStatic<User>, options: NonNullFindOptions<UserInterface>): Promise<User>', gave the following error.
    Object literal may only specify known properties, and 'passwordResetToken' does not exist in type 'WhereOptions<UserInterface>'.
  Overload 2 of 2, '(this: ModelStatic<User>, options?: FindOptions<UserInterface> | undefined): Promise<User | null>', gave the following error.
    Object literal may only specify known properties, and 'passwordResetToken' does not exist in type 'WhereOptions<UserInterface>'.

[7m122[0m           passwordResetToken: token,
[7m   [0m [91m          ~~~~~~~~~~~~~~~~~~[0m

  [96mnode_modules/sequelize/types/model.d.ts[0m:[93m55[0m:[93m3[0m
    [7m55[0m   where?: WhereOptions<TAttributes>;
    [7m  [0m [96m  ~~~~~[0m
    The expected type comes from property 'where' which is declared here on type 'NonNullFindOptions<UserInterface>'
[96msrc/features/auth/repository.ts[0m:[93m143[0m:[93m11[0m - [91merror[0m[90m TS2769: [0mNo overload matches this call.
  Overload 1 of 2, '(this: ModelStatic<...>, values: { id?: string | Fn | Col | Literal | undefined; firstName?: string | Fn | Col | Literal | undefined; lastName?: string | Fn | Col | Literal | undefined; ... 8 more ...; updatedAt?: Date | ... 3 more ... | undefined; }, options: Omit<...> & { ...; }): Promise<...>', gave the following error.
    Object literal may only specify known properties, and 'passwordResetToken' does not exist in type '{ id?: string | Fn | Col | Literal | undefined; firstName?: string | Fn | Col | Literal | undefined; lastName?: string | Fn | Col | Literal | undefined; ... 8 more ...; updatedAt?: Date | ... 3 more ... | undefined; }'.
  Overload 2 of 2, '(this: ModelStatic<...>, values: { id?: string | Fn | Col | Literal | undefined; firstName?: string | Fn | Col | Literal | undefined; lastName?: string | Fn | Col | Literal | undefined; ... 8 more ...; updatedAt?: Date | ... 3 more ... | undefined; }, options: UpdateOptions<...>): Promise<...>', gave the following error.
    Object literal may only specify known properties, and 'passwordResetToken' does not exist in type '{ id?: string | Fn | Col | Literal | undefined; firstName?: string | Fn | Col | Literal | undefined; lastName?: string | Fn | Col | Literal | undefined; ... 8 more ...; updatedAt?: Date | ... 3 more ... | undefined; }'.

[7m143[0m           passwordResetToken: null,
[7m   [0m [91m          ~~~~~~~~~~~~~~~~~~[0m

[96msrc/features/auth/repository.ts[0m:[93m202[0m:[93m11[0m - [91merror[0m[90m TS2769: [0mNo overload matches this call.
  Overload 1 of 2, '(this: ModelStatic<...>, values: { id?: string | Fn | Col | Literal | undefined; firstName?: string | Fn | Col | Literal | undefined; lastName?: string | Fn | Col | Literal | undefined; ... 8 more ...; updatedAt?: Date | ... 3 more ... | undefined; }, options: Omit<...> & { ...; }): Promise<...>', gave the following error.
    Object literal may only specify known properties, and 'passwordResetToken' does not exist in type '{ id?: string | Fn | Col | Literal | undefined; firstName?: string | Fn | Col | Literal | undefined; lastName?: string | Fn | Col | Literal | undefined; ... 8 more ...; updatedAt?: Date | ... 3 more ... | undefined; }'.
  Overload 2 of 2, '(this: ModelStatic<...>, values: { id?: string | Fn | Col | Literal | undefined; firstName?: string | Fn | Col | Literal | undefined; lastName?: string | Fn | Col | Literal | undefined; ... 8 more ...; updatedAt?: Date | ... 3 more ... | undefined; }, options: UpdateOptions<...>): Promise<...>', gave the following error.
    Object literal may only specify known properties, and 'passwordResetToken' does not exist in type '{ id?: string | Fn | Col | Literal | undefined; firstName?: string | Fn | Col | Literal | undefined; lastName?: string | Fn | Col | Literal | undefined; ... 8 more ...; updatedAt?: Date | ... 3 more ... | undefined; }'.

[7m202[0m           passwordResetToken: null,
[7m   [0m [91m          ~~~~~~~~~~~~~~~~~~[0m


    at createTSError (C:\Users\siuol\OneDrive\Documents\mn_school_db_v2\node_modules\ts-node\src\index.ts:859:12)
    at reportTSError (C:\Users\siuol\OneDrive\Documents\mn_school_db_v2\node_modules\ts-node\src\index.ts:863:19)
    at getOutput (C:\Users\siuol\OneDrive\Documents\mn_school_db_v2\node_modules\ts-node\src\index.ts:1077:36)
    at Object.compile (C:\Users\siuol\OneDrive\Documents\mn_school_db_v2\node_modules\ts-node\src\index.ts:1433:41)
    at Module.m._compile (C:\Users\siuol\OneDrive\Documents\mn_school_db_v2\node_modules\ts-node\src\index.ts:1617:30)
    at Module._extensions..js (node:internal/modules/cjs/loader:1310:10)
    at Object.require.extensions.<computed> [as .ts] (C:\Users\siuol\OneDrive\Documents\mn_school_db_v2\node_modules\ts-node\src\index.ts:1621:12)
    at Module.load (node:internal/modules/cjs/loader:1119:32)
    at Function.Module._load (node:internal/modules/cjs/loader:960:12)
    at Module.require (node:internal/modules/cjs/loader:1143:19)
2025-03-23T22:47:34.890Z error: TSError: тип Unable to compile TypeScript:
[96msrc/features/auth/repository.ts[0m:[93m100[0m:[93m11[0m - [91merror[0m[90m TS2769: [0mNo overload matches this call.
  Overload 1 of 2, '(this: ModelStatic<...>, values: { id?: string | Fn | Col | Literal | undefined; firstName?: string | Fn | Col | Literal | undefined; lastName?: string | Fn | Col | Literal | undefined; ... 8 more ...; updatedAt?: Date | ... 3 more ... | undefined; }, options: Omit<...> & { ...; }): Promise<...>', gave the following error.
    Object literal may only specify known properties, and 'passwordResetToken' does not exist in type '{ id?: string | Fn | Col | Literal | undefined; firstName?: string | Fn | Col | Literal | undefined; lastName?: string | Fn | Col | Literal | undefined; ... 8 more ...; updatedAt?: Date | ... 3 more ... | undefined; }'.
  Overload 2 of 2, '(this: ModelStatic<...>, values: { id?: string | Fn | Col | Literal | undefined; firstName?: string | Fn | Col | Literal | undefined; lastName?: string | Fn | Col | Literal | undefined; ... 8 more ...; updatedAt?: Date | ... 3 more ... | undefined; }, options: UpdateOptions<...>): Promise<...>', gave the following error.
    Object literal may only specify known properties, and 'passwordResetToken' does not exist in type '{ id?: string | Fn | Col | Literal | undefined; firstName?: string | Fn | Col | Literal | undefined; lastName?: string | Fn | Col | Literal | undefined; ... 8 more ...; updatedAt?: Date | ... 3 more ... | undefined; }'.

[7m100[0m           passwordResetToken: token,
[7m   [0m [91m          ~~~~~~~~~~~~~~~~~~[0m

[96msrc/features/auth/repository.ts[0m:[93m122[0m:[93m11[0m - [91merror[0m[90m TS2769: [0mNo overload matches this call.
  Overload 1 of 2, '(this: ModelStatic<User>, options: NonNullFindOptions<UserInterface>): Promise<User>', gave the following error.
    Object literal may only specify known properties, and 'passwordResetToken' does not exist in type 'WhereOptions<UserInterface>'.
  Overload 2 of 2, '(this: ModelStatic<User>, options?: FindOptions<UserInterface> | undefined): Promise<User | null>', gave the following error.
    Object literal may only specify known properties, and 'passwordResetToken' does not exist in type 'WhereOptions<UserInterface>'.

[7m122[0m           passwordResetToken: token,
[7m   [0m [91m          ~~~~~~~~~~~~~~~~~~[0m

  [96mnode_modules/sequelize/types/model.d.ts[0m:[93m55[0m:[93m3[0m
    [7m55[0m   where?: WhereOptions<TAttributes>;
    [7m  [0m [96m  ~~~~~[0m
    The expected type comes from property 'where' which is declared here on type 'NonNullFindOptions<UserInterface>'
[96msrc/features/auth/repository.ts[0m:[93m143[0m:[93m11[0m - [91merror[0m[90m TS2769: [0mNo overload matches this call.
  Overload 1 of 2, '(this: ModelStatic<...>, values: { id?: string | Fn | Col | Literal | undefined; firstName?: string | Fn | Col | Literal | undefined; lastName?: string | Fn | Col | Literal | undefined; ... 8 more ...; updatedAt?: Date | ... 3 more ... | undefined; }, options: Omit<...> & { ...; }): Promise<...>', gave the following error.
    Object literal may only specify known properties, and 'passwordResetToken' does not exist in type '{ id?: string | Fn | Col | Literal | undefined; firstName?: string | Fn | Col | Literal | undefined; lastName?: string | Fn | Col | Literal | undefined; ... 8 more ...; updatedAt?: Date | ... 3 more ... | undefined; }'.
  Overload 2 of 2, '(this: ModelStatic<...>, values: { id?: string | Fn | Col | Literal | undefined; firstName?: string | Fn | Col | Literal | undefined; lastName?: string | Fn | Col | Literal | undefined; ... 8 more ...; updatedAt?: Date | ... 3 more ... | undefined; }, options: UpdateOptions<...>): Promise<...>', gave the following error.
    Object literal may only specify known properties, and 'passwordResetToken' does not exist in type '{ id?: string | Fn | Col | Literal | undefined; firstName?: string | Fn | Col | Literal | undefined; lastName?: string | Fn | Col | Literal | undefined; ... 8 more ...; updatedAt?: Date | ... 3 more ... | undefined; }'.

[7m143[0m           passwordResetToken: null,
[7m   [0m [91m          ~~~~~~~~~~~~~~~~~~[0m

[96msrc/features/auth/repository.ts[0m:[93m202[0m:[93m11[0m - [91merror[0m[90m TS2769: [0mNo overload matches this call.
  Overload 1 of 2, '(this: ModelStatic<...>, values: { id?: string | Fn | Col | Literal | undefined; firstName?: string | Fn | Col | Literal | undefined; lastName?: string | Fn | Col | Literal | undefined; ... 8 more ...; updatedAt?: Date | ... 3 more ... | undefined; }, options: Omit<...> & { ...; }): Promise<...>', gave the following error.
    Object literal may only specify known properties, and 'passwordResetToken' does not exist in type '{ id?: string | Fn | Col | Literal | undefined; firstName?: string | Fn | Col | Literal | undefined; lastName?: string | Fn | Col | Literal | undefined; ... 8 more ...; updatedAt?: Date | ... 3 more ... | undefined; }'.
  Overload 2 of 2, '(this: ModelStatic<...>, values: { id?: string | Fn | Col | Literal | undefined; firstName?: string | Fn | Col | Literal | undefined; lastName?: string | Fn | Col | Literal | undefined; ... 8 more ...; updatedAt?: Date | ... 3 more ... | undefined; }, options: UpdateOptions<...>): Promise<...>', gave the following error.
    Object literal may only specify known properties, and 'passwordResetToken' does not exist in type '{ id?: string | Fn | Col | Literal | undefined; firstName?: string | Fn | Col | Literal | undefined; lastName?: string | Fn | Col | Literal | undefined; ... 8 more ...; updatedAt?: Date | ... 3 more ... | undefined; }'.

[7m202[0m           passwordResetToken: null,
[7m   [0m [91m          ~~~~~~~~~~~~~~~~~~[0m


    at createTSError (C:\Users\siuol\OneDrive\Documents\mn_school_db_v2\node_modules\ts-node\src\index.ts:859:12)
    at reportTSError (C:\Users\siuol\OneDrive\Documents\mn_school_db_v2\node_modules\ts-node\src\index.ts:863:19)
    at getOutput (C:\Users\siuol\OneDrive\Documents\mn_school_db_v2\node_modules\ts-node\src\index.ts:1077:36)
    at Object.compile (C:\Users\siuol\OneDrive\Documents\mn_school_db_v2\node_modules\ts-node\src\index.ts:1433:41)
    at Module.m._compile (C:\Users\siuol\OneDrive\Documents\mn_school_db_v2\node_modules\ts-node\src\index.ts:1617:30)
    at Module._extensions..js (node:internal/modules/cjs/loader:1310:10)
    at Object.require.extensions.<computed> [as .ts] (C:\Users\siuol\OneDrive\Documents\mn_school_db_v2\node_modules\ts-node\src\index.ts:1621:12)
    at Module.load (node:internal/modules/cjs/loader:1119:32)
    at Function.Module._load (node:internal/modules/cjs/loader:960:12)
    at Module.require (node:internal/modules/cjs/loader:1143:19)
2025-03-23T22:49:21.653Z error: TSError: тип Unable to compile TypeScript:
[96msrc/features/users/model.ts[0m:[93m90[0m:[93m7[0m - [91merror[0m[90m TS18004: [0mNo value exists in scope for the shorthand property 'allowNull'. Either declare one or provide an initializer.

[7m90[0m       allowNull false,
[7m  [0m [91m      ~~~~~~~~~[0m
[96msrc/features/users/model.ts[0m:[93m90[0m:[93m17[0m - [91merror[0m[90m TS2353: [0mObject literal may only specify known properties, and 'false' does not exist in type 'AbstractDataTypeConstructor | AbstractDataType | ModelAttributeColumnOptions<User>'.

[7m90[0m       allowNull false,
[7m  [0m [91m                ~~~~~[0m

  [96msrc/features/users/interfaces.ts[0m:[93m6[0m:[93m3[0m
    [7m6[0m   firstName: string;
    [7m [0m [96m  ~~~~~~~~~[0m
    The expected type comes from property 'firstName' which is declared here on type 'ModelAttributes<User, Optional<UserAttributes, never>>'
[96msrc/features/users/model.ts[0m:[93m90[0m:[93m17[0m - [91merror[0m[90m TS1005: [0m',' expected.

[7m90[0m       allowNull false,
[7m  [0m [91m                ~~~~~[0m
[96msrc/features/users/model.ts[0m:[93m90[0m:[93m22[0m - [91merror[0m[90m TS1005: [0m':' expected.

[7m90[0m       allowNull false,
[7m  [0m [91m                     ~[0m

    at createTSError (C:\Users\siuol\OneDrive\Documents\mn_school_db_v2\node_modules\ts-node\src\index.ts:859:12)
    at reportTSError (C:\Users\siuol\OneDrive\Documents\mn_school_db_v2\node_modules\ts-node\src\index.ts:863:19)
    at getOutput (C:\Users\siuol\OneDrive\Documents\mn_school_db_v2\node_modules\ts-node\src\index.ts:1077:36)
    at Object.compile (C:\Users\siuol\OneDrive\Documents\mn_school_db_v2\node_modules\ts-node\src\index.ts:1433:41)
    at Module.m._compile (C:\Users\siuol\OneDrive\Documents\mn_school_db_v2\node_modules\ts-node\src\index.ts:1617:30)
    at Module._extensions..js (node:internal/modules/cjs/loader:1310:10)
    at Object.require.extensions.<computed> [as .ts] (C:\Users\siuol\OneDrive\Documents\mn_school_db_v2\node_modules\ts-node\src\index.ts:1621:12)
    at Module.load (node:internal/modules/cjs/loader:1119:32)
    at Function.Module._load (node:internal/modules/cjs/loader:960:12)
    at Module.require (node:internal/modules/cjs/loader:1143:19)
2025-03-23T22:50:50.643Z error: TSError: тип Unable to compile TypeScript:
[96msrc/features/search/repository.ts[0m:[93m194[0m:[93m32[0m - [91merror[0m[90m TS2339: [0mProperty 'QueryTypes' does not exist on type 'Sequelize'.

[7m194[0m             type: db.sequelize.QueryTypes.SELECT,
[7m   [0m [91m                               ~~~~~~~~~~[0m
[96msrc/features/search/repository.ts[0m:[93m198[0m:[93m32[0m - [91merror[0m[90m TS2339: [0mProperty 'QueryTypes' does not exist on type 'Sequelize'.

[7m198[0m             type: db.sequelize.QueryTypes.SELECT,
[7m   [0m [91m                               ~~~~~~~~~~[0m
[96msrc/features/search/repository.ts[0m:[93m204[0m:[93m27[0m - [91merror[0m[90m TS2532: [0mObject is possibly 'undefined'.

[7m204[0m           count: parseInt(countResult[0].count || "0"),
[7m   [0m [91m                          ~~~~~~~~~~~~~~[0m

    at createTSError (C:\Users\siuol\OneDrive\Documents\mn_school_db_v2\node_modules\ts-node\src\index.ts:859:12)
    at reportTSError (C:\Users\siuol\OneDrive\Documents\mn_school_db_v2\node_modules\ts-node\src\index.ts:863:19)
    at getOutput (C:\Users\siuol\OneDrive\Documents\mn_school_db_v2\node_modules\ts-node\src\index.ts:1077:36)
    at Object.compile (C:\Users\siuol\OneDrive\Documents\mn_school_db_v2\node_modules\ts-node\src\index.ts:1433:41)
    at Module.m._compile (C:\Users\siuol\OneDrive\Documents\mn_school_db_v2\node_modules\ts-node\src\index.ts:1617:30)
    at Module._extensions..js (node:internal/modules/cjs/loader:1310:10)
    at Object.require.extensions.<computed> [as .ts] (C:\Users\siuol\OneDrive\Documents\mn_school_db_v2\node_modules\ts-node\src\index.ts:1621:12)
    at Module.load (node:internal/modules/cjs/loader:1119:32)
    at Function.Module._load (node:internal/modules/cjs/loader:960:12)
    at Module.require (node:internal/modules/cjs/loader:1143:19)
2025-03-23T22:55:04.543Z error: TSError: тип Unable to compile TypeScript:
[96msrc/features/search/repository.ts[0m:[93m194[0m:[93m32[0m - [91merror[0m[90m TS2339: [0mProperty 'QueryTypes' does not exist on type 'Sequelize'.

[7m194[0m             type: db.sequelize.QueryTypes.SELECT,
[7m   [0m [91m                               ~~~~~~~~~~[0m
[96msrc/features/search/repository.ts[0m:[93m198[0m:[93m32[0m - [91merror[0m[90m TS2339: [0mProperty 'QueryTypes' does not exist on type 'Sequelize'.

[7m198[0m             type: db.sequelize.QueryTypes.SELECT,
[7m   [0m [91m                               ~~~~~~~~~~[0m
[96msrc/features/search/repository.ts[0m:[93m204[0m:[93m27[0m - [91merror[0m[90m TS2532: [0mObject is possibly 'undefined'.

[7m204[0m           count: parseInt(countResult[0].count || "0"),
[7m   [0m [91m                          ~~~~~~~~~~~~~~[0m
[96msrc/features/search/repository.ts[0m:[93m339[0m:[93m9[0m - [91merror[0m[90m TS2304: [0mCannot find name 'Sequelize'.

[7m339[0m         Sequelize.literal(
[7m   [0m [91m        ~~~~~~~~~[0m

    at createTSError (C:\Users\siuol\OneDrive\Documents\mn_school_db_v2\node_modules\ts-node\src\index.ts:859:12)
    at reportTSError (C:\Users\siuol\OneDrive\Documents\mn_school_db_v2\node_modules\ts-node\src\index.ts:863:19)
    at getOutput (C:\Users\siuol\OneDrive\Documents\mn_school_db_v2\node_modules\ts-node\src\index.ts:1077:36)
    at Object.compile (C:\Users\siuol\OneDrive\Documents\mn_school_db_v2\node_modules\ts-node\src\index.ts:1433:41)
    at Module.m._compile (C:\Users\siuol\OneDrive\Documents\mn_school_db_v2\node_modules\ts-node\src\index.ts:1617:30)
    at Module._extensions..js (node:internal/modules/cjs/loader:1310:10)
    at Object.require.extensions.<computed> [as .ts] (C:\Users\siuol\OneDrive\Documents\mn_school_db_v2\node_modules\ts-node\src\index.ts:1621:12)
    at Module.load (node:internal/modules/cjs/loader:1119:32)
    at Function.Module._load (node:internal/modules/cjs/loader:960:12)
    at Module.require (node:internal/modules/cjs/loader:1143:19)
2025-03-24T13:54:53.678Z error: TSError: тип Unable to compile TypeScript:
[96msrc/features/search/service.ts[0m:[93m114[0m:[93m41[0m - [91merror[0m[90m TS2551: [0mProperty 'mapBookToSearchResult' does not exist on type 'typeof SearchResultMapper'. Did you mean 'mapSchoolToSearchResult'?

[7m114[0m               return SearchResultMapper.mapBookToSearchResult(
[7m   [0m [91m                                        ~~~~~~~~~~~~~~~~~~~~~[0m

  [96msrc/features/search/dto.ts[0m:[93m72[0m:[93m17[0m
    [7m72[0m   public static mapSchoolToSearchResult(
    [7m  [0m [96m                ~~~~~~~~~~~~~~~~~~~~~~~[0m
    'mapSchoolToSearchResult' is declared here.
[96msrc/features/search/service.ts[0m:[93m120[0m:[93m41[0m - [91merror[0m[90m TS2551: [0mProperty 'mapLoanToSearchResult' does not exist on type 'typeof SearchResultMapper'. Did you mean 'mapSchoolToSearchResult'?

[7m120[0m               return SearchResultMapper.mapLoanToSearchResult(
[7m   [0m [91m                                        ~~~~~~~~~~~~~~~~~~~~~[0m

  [96msrc/features/search/dto.ts[0m:[93m72[0m:[93m17[0m
    [7m72[0m   public static mapSchoolToSearchResult(
    [7m  [0m [96m                ~~~~~~~~~~~~~~~~~~~~~~~[0m
    'mapSchoolToSearchResult' is declared here.
[96msrc/features/search/service.ts[0m:[93m126[0m:[93m41[0m - [91merror[0m[90m TS2551: [0mProperty 'mapRentalRuleToSearchResult' does not exist on type 'typeof SearchResultMapper'. Did you mean 'mapUserToSearchResult'?

[7m126[0m               return SearchResultMapper.mapRentalRuleToSearchResult(
[7m   [0m [91m                                        ~~~~~~~~~~~~~~~~~~~~~~~~~~~[0m

  [96msrc/features/search/dto.ts[0m:[93m150[0m:[93m17[0m
    [7m150[0m   public static mapUserToSearchResult(
    [7m   [0m [96m                ~~~~~~~~~~~~~~~~~~~~~[0m
    'mapUserToSearchResult' is declared here.

    at createTSError (C:\Users\siuol\OneDrive\Documents\mn_school_db_v2\node_modules\ts-node\src\index.ts:859:12)
    at reportTSError (C:\Users\siuol\OneDrive\Documents\mn_school_db_v2\node_modules\ts-node\src\index.ts:863:19)
    at getOutput (C:\Users\siuol\OneDrive\Documents\mn_school_db_v2\node_modules\ts-node\src\index.ts:1077:36)
    at Object.compile (C:\Users\siuol\OneDrive\Documents\mn_school_db_v2\node_modules\ts-node\src\index.ts:1433:41)
    at Module.m._compile (C:\Users\siuol\OneDrive\Documents\mn_school_db_v2\node_modules\ts-node\src\index.ts:1617:30)
    at Module._extensions..js (node:internal/modules/cjs/loader:1310:10)
    at Object.require.extensions.<computed> [as .ts] (C:\Users\siuol\OneDrive\Documents\mn_school_db_v2\node_modules\ts-node\src\index.ts:1621:12)
    at Module.load (node:internal/modules/cjs/loader:1119:32)
    at Function.Module._load (node:internal/modules/cjs/loader:960:12)
    at Module.require (node:internal/modules/cjs/loader:1143:19)
2025-03-24T13:56:56.136Z error: TSError: тип Unable to compile TypeScript:
[96msrc/features/search/service.ts[0m:[93m6[0m:[93m3[0m - [91merror[0m[90m TS2724: [0m'"./dto"' has no exported member named 'GlobalSearchResultDTO'. Did you mean 'SearchResultDTO'?

[7m6[0m   GlobalSearchResultDTO,
[7m [0m [91m  ~~~~~~~~~~~~~~~~~~~~~[0m
[96msrc/features/search/service.ts[0m:[93m41[0m:[93m9[0m - [91merror[0m[90m TS2353: [0mObject literal may only specify known properties, and 'schoolId' does not exist in type 'SearchQueryParams'.

[7m41[0m         schoolId: schoolIdOrParams,
[7m  [0m [91m        ~~~~~~~~[0m
[96msrc/features/search/service.ts[0m:[93m137[0m:[93m41[0m - [91merror[0m[90m TS2551: [0mProperty 'mapBookToSearchResult' does not exist on type 'typeof SearchResultMapper'. Did you mean 'mapSchoolToSearchResult'?

[7m137[0m               return SearchResultMapper.mapBookToSearchResult(
[7m   [0m [91m                                        ~~~~~~~~~~~~~~~~~~~~~[0m

  [96msrc/features/search/dto.ts[0m:[93m72[0m:[93m17[0m
    [7m72[0m   public static mapSchoolToSearchResult(
    [7m  [0m [96m                ~~~~~~~~~~~~~~~~~~~~~~~[0m
    'mapSchoolToSearchResult' is declared here.
[96msrc/features/search/service.ts[0m:[93m143[0m:[93m41[0m - [91merror[0m[90m TS2551: [0mProperty 'mapLoanToSearchResult' does not exist on type 'typeof SearchResultMapper'. Did you mean 'mapSchoolToSearchResult'?

[7m143[0m               return SearchResultMapper.mapLoanToSearchResult(
[7m   [0m [91m                                        ~~~~~~~~~~~~~~~~~~~~~[0m

  [96msrc/features/search/dto.ts[0m:[93m72[0m:[93m17[0m
    [7m72[0m   public static mapSchoolToSearchResult(
    [7m  [0m [96m                ~~~~~~~~~~~~~~~~~~~~~~~[0m
    'mapSchoolToSearchResult' is declared here.
[96msrc/features/search/service.ts[0m:[93m149[0m:[93m41[0m - [91merror[0m[90m TS2551: [0mProperty 'mapRentalRuleToSearchResult' does not exist on type 'typeof SearchResultMapper'. Did you mean 'mapUserToSearchResult'?

[7m149[0m               return SearchResultMapper.mapRentalRuleToSearchResult(
[7m   [0m [91m                                        ~~~~~~~~~~~~~~~~~~~~~~~~~~~[0m

  [96msrc/features/search/dto.ts[0m:[93m150[0m:[93m17[0m
    [7m150[0m   public static mapUserToSearchResult(
    [7m   [0m [96m                ~~~~~~~~~~~~~~~~~~~~~[0m
    'mapUserToSearchResult' is declared here.
[96msrc/features/search/service.ts[0m:[93m260[0m:[93m37[0m - [91merror[0m[90m TS7006: [0mParameter 'result' implicitly has an 'any' type.

[7m260[0m           searchResult.results.map((result) => result.title).filter(Boolean)
[7m   [0m [91m                                    ~~~~~~[0m
[96msrc/features/search/service.ts[0m:[93m268[0m:[93m36[0m - [91merror[0m[90m TS18046: [0m's' is of type 'unknown'.

[7m268[0m           !suggestions.some((s) => s.toLowerCase().includes(term.toLowerCase()))
[7m   [0m [91m                                   ~[0m
[96msrc/features/search/service.ts[0m:[93m279[0m:[93m7[0m - [91merror[0m[90m TS2322: [0mType '{ suggestions: unknown[]; }' is not assignable to type '{ suggestions: string[]; }'.
  Types of property 'suggestions' are incompatible.
    Type 'unknown[]' is not assignable to type 'string[]'.
      Type 'unknown' is not assignable to type 'string'.

[7m279[0m       return result;
[7m   [0m [91m      ~~~~~~[0m

    at createTSError (C:\Users\siuol\OneDrive\Documents\mn_school_db_v2\node_modules\ts-node\src\index.ts:859:12)
    at reportTSError (C:\Users\siuol\OneDrive\Documents\mn_school_db_v2\node_modules\ts-node\src\index.ts:863:19)
    at getOutput (C:\Users\siuol\OneDrive\Documents\mn_school_db_v2\node_modules\ts-node\src\index.ts:1077:36)
    at Object.compile (C:\Users\siuol\OneDrive\Documents\mn_school_db_v2\node_modules\ts-node\src\index.ts:1433:41)
    at Module.m._compile (C:\Users\siuol\OneDrive\Documents\mn_school_db_v2\node_modules\ts-node\src\index.ts:1617:30)
    at Module._extensions..js (node:internal/modules/cjs/loader:1310:10)
    at Object.require.extensions.<computed> [as .ts] (C:\Users\siuol\OneDrive\Documents\mn_school_db_v2\node_modules\ts-node\src\index.ts:1621:12)
    at Module.load (node:internal/modules/cjs/loader:1119:32)
    at Function.Module._load (node:internal/modules/cjs/loader:960:12)
    at Module.require (node:internal/modules/cjs/loader:1143:19)
2025-03-24T13:57:59.346Z error: TSError: тип Unable to compile TypeScript:
[96msrc/features/search/service.ts[0m:[93m114[0m:[93m41[0m - [91merror[0m[90m TS2551: [0mProperty 'mapBookToSearchResult' does not exist on type 'typeof SearchResultMapper'. Did you mean 'mapSchoolToSearchResult'?

[7m114[0m               return SearchResultMapper.mapBookToSearchResult(
[7m   [0m [91m                                        ~~~~~~~~~~~~~~~~~~~~~[0m

  [96msrc/features/search/dto.ts[0m:[93m72[0m:[93m17[0m
    [7m72[0m   public static mapSchoolToSearchResult(
    [7m  [0m [96m                ~~~~~~~~~~~~~~~~~~~~~~~[0m
    'mapSchoolToSearchResult' is declared here.
[96msrc/features/search/service.ts[0m:[93m120[0m:[93m41[0m - [91merror[0m[90m TS2551: [0mProperty 'mapLoanToSearchResult' does not exist on type 'typeof SearchResultMapper'. Did you mean 'mapSchoolToSearchResult'?

[7m120[0m               return SearchResultMapper.mapLoanToSearchResult(
[7m   [0m [91m                                        ~~~~~~~~~~~~~~~~~~~~~[0m

  [96msrc/features/search/dto.ts[0m:[93m72[0m:[93m17[0m
    [7m72[0m   public static mapSchoolToSearchResult(
    [7m  [0m [96m                ~~~~~~~~~~~~~~~~~~~~~~~[0m
    'mapSchoolToSearchResult' is declared here.
[96msrc/features/search/service.ts[0m:[93m126[0m:[93m41[0m - [91merror[0m[90m TS2551: [0mProperty 'mapRentalRuleToSearchResult' does not exist on type 'typeof SearchResultMapper'. Did you mean 'mapUserToSearchResult'?

[7m126[0m               return SearchResultMapper.mapRentalRuleToSearchResult(
[7m   [0m [91m                                        ~~~~~~~~~~~~~~~~~~~~~~~~~~~[0m

  [96msrc/features/search/dto.ts[0m:[93m150[0m:[93m17[0m
    [7m150[0m   public static mapUserToSearchResult(
    [7m   [0m [96m                ~~~~~~~~~~~~~~~~~~~~~[0m
    'mapUserToSearchResult' is declared here.

    at createTSError (C:\Users\siuol\OneDrive\Documents\mn_school_db_v2\node_modules\ts-node\src\index.ts:859:12)
    at reportTSError (C:\Users\siuol\OneDrive\Documents\mn_school_db_v2\node_modules\ts-node\src\index.ts:863:19)
    at getOutput (C:\Users\siuol\OneDrive\Documents\mn_school_db_v2\node_modules\ts-node\src\index.ts:1077:36)
    at Object.compile (C:\Users\siuol\OneDrive\Documents\mn_school_db_v2\node_modules\ts-node\src\index.ts:1433:41)
    at Module.m._compile (C:\Users\siuol\OneDrive\Documents\mn_school_db_v2\node_modules\ts-node\src\index.ts:1617:30)
    at Module._extensions..js (node:internal/modules/cjs/loader:1310:10)
    at Object.require.extensions.<computed> [as .ts] (C:\Users\siuol\OneDrive\Documents\mn_school_db_v2\node_modules\ts-node\src\index.ts:1621:12)
    at Module.load (node:internal/modules/cjs/loader:1119:32)
    at Function.Module._load (node:internal/modules/cjs/loader:960:12)
    at Module.require (node:internal/modules/cjs/loader:1143:19)
2025-03-24T14:06:39.427Z error: TSError: тип Unable to compile TypeScript:
[96msrc/features/search/controller.ts[0m:[93m251[0m:[93m37[0m - [91merror[0m[90m TS2345: [0mArgument of type 'SearchService' is not assignable to parameter of type 'ISearchService'.
  Property 'getEntitiesByType' is missing in type 'SearchService' but required in type 'ISearchService'.

[7m251[0m export default new SearchController(searchService);
[7m   [0m [91m                                    ~~~~~~~~~~~~~[0m

  [96msrc/features/search/interfaces/services.ts[0m:[93m76[0m:[93m3[0m
    [7m 76[0m   getEntitiesByType(
    [7m   [0m [96m  ~~~~~~~~~~~~~~~~~~[0m
    [7m 77[0m     type: SearchResultType,
    [7m   [0m [96m~~~~~~~~~~~~~~~~~~~~~~~~~~~[0m
    [7m...[0m 
    [7m 81[0m     page?: number
    [7m   [0m [96m~~~~~~~~~~~~~~~~~[0m
    [7m 82[0m   ): Promise<GlobalSearchDTO[]>;
    [7m   [0m [96m~~~~~~~~~~~~~~~~~~~~~~~~~~~~~~~~[0m
    'getEntitiesByType' is declared here.

    at createTSError (C:\Users\siuol\OneDrive\Documents\mn_school_db_v2\node_modules\ts-node\src\index.ts:859:12)
    at reportTSError (C:\Users\siuol\OneDrive\Documents\mn_school_db_v2\node_modules\ts-node\src\index.ts:863:19)
    at getOutput (C:\Users\siuol\OneDrive\Documents\mn_school_db_v2\node_modules\ts-node\src\index.ts:1077:36)
    at Object.compile (C:\Users\siuol\OneDrive\Documents\mn_school_db_v2\node_modules\ts-node\src\index.ts:1433:41)
    at Module.m._compile (C:\Users\siuol\OneDrive\Documents\mn_school_db_v2\node_modules\ts-node\src\index.ts:1617:30)
    at Module._extensions..js (node:internal/modules/cjs/loader:1310:10)
    at Object.require.extensions.<computed> [as .ts] (C:\Users\siuol\OneDrive\Documents\mn_school_db_v2\node_modules\ts-node\src\index.ts:1621:12)
    at Module.load (node:internal/modules/cjs/loader:1119:32)
    at Function.Module._load (node:internal/modules/cjs/loader:960:12)
    at Module.require (node:internal/modules/cjs/loader:1143:19)
2025-03-24T14:07:12.982Z error: TSError: тип Unable to compile TypeScript:
[96msrc/features/search/controller.ts[0m:[93m251[0m:[93m37[0m - [91merror[0m[90m TS2345: [0mArgument of type 'SearchService' is not assignable to parameter of type 'ISearchService'.
  Property 'getEntitiesByType' is missing in type 'SearchService' but required in type 'ISearchService'.

[7m251[0m export default new SearchController(searchService);
[7m   [0m [91m                                    ~~~~~~~~~~~~~[0m

  [96msrc/features/search/interfaces/services.ts[0m:[93m76[0m:[93m3[0m
    [7m 76[0m   getEntitiesByType(
    [7m   [0m [96m  ~~~~~~~~~~~~~~~~~~[0m
    [7m 77[0m     type: SearchResultType,
    [7m   [0m [96m~~~~~~~~~~~~~~~~~~~~~~~~~~~[0m
    [7m...[0m 
    [7m 81[0m     page?: number
    [7m   [0m [96m~~~~~~~~~~~~~~~~~[0m
    [7m 82[0m   ): Promise<GlobalSearchDTO[]>;
    [7m   [0m [96m~~~~~~~~~~~~~~~~~~~~~~~~~~~~~~~~[0m
    'getEntitiesByType' is declared here.

    at createTSError (C:\Users\siuol\OneDrive\Documents\mn_school_db_v2\node_modules\ts-node\src\index.ts:859:12)
    at reportTSError (C:\Users\siuol\OneDrive\Documents\mn_school_db_v2\node_modules\ts-node\src\index.ts:863:19)
    at getOutput (C:\Users\siuol\OneDrive\Documents\mn_school_db_v2\node_modules\ts-node\src\index.ts:1077:36)
    at Object.compile (C:\Users\siuol\OneDrive\Documents\mn_school_db_v2\node_modules\ts-node\src\index.ts:1433:41)
    at Module.m._compile (C:\Users\siuol\OneDrive\Documents\mn_school_db_v2\node_modules\ts-node\src\index.ts:1617:30)
    at Module._extensions..js (node:internal/modules/cjs/loader:1310:10)
    at Object.require.extensions.<computed> [as .ts] (C:\Users\siuol\OneDrive\Documents\mn_school_db_v2\node_modules\ts-node\src\index.ts:1621:12)
    at Module.load (node:internal/modules/cjs/loader:1119:32)
    at Function.Module._load (node:internal/modules/cjs/loader:960:12)
    at Module.require (node:internal/modules/cjs/loader:1143:19)
2025-03-24T14:10:07.094Z error: TSError: тип Unable to compile TypeScript:
[96msrc/features/search/controller.ts[0m:[93m251[0m:[93m37[0m - [91merror[0m[90m TS2345: [0mArgument of type 'SearchService' is not assignable to parameter of type 'ISearchService'.
  Property 'getEntitiesByType' is missing in type 'SearchService' but required in type 'ISearchService'.

[7m251[0m export default new SearchController(searchService);
[7m   [0m [91m                                    ~~~~~~~~~~~~~[0m

  [96msrc/features/search/interfaces/services.ts[0m:[93m76[0m:[93m3[0m
    [7m 76[0m   getEntitiesByType(
    [7m   [0m [96m  ~~~~~~~~~~~~~~~~~~[0m
    [7m 77[0m     type: SearchResultType,
    [7m   [0m [96m~~~~~~~~~~~~~~~~~~~~~~~~~~~[0m
    [7m...[0m 
    [7m 81[0m     page?: number
    [7m   [0m [96m~~~~~~~~~~~~~~~~~[0m
    [7m 82[0m   ): Promise<GlobalSearchDTO[]>;
    [7m   [0m [96m~~~~~~~~~~~~~~~~~~~~~~~~~~~~~~~~[0m
    'getEntitiesByType' is declared here.

    at createTSError (C:\Users\siuol\OneDrive\Documents\mn_school_db_v2\node_modules\ts-node\src\index.ts:859:12)
    at reportTSError (C:\Users\siuol\OneDrive\Documents\mn_school_db_v2\node_modules\ts-node\src\index.ts:863:19)
    at getOutput (C:\Users\siuol\OneDrive\Documents\mn_school_db_v2\node_modules\ts-node\src\index.ts:1077:36)
    at Object.compile (C:\Users\siuol\OneDrive\Documents\mn_school_db_v2\node_modules\ts-node\src\index.ts:1433:41)
    at Module.m._compile (C:\Users\siuol\OneDrive\Documents\mn_school_db_v2\node_modules\ts-node\src\index.ts:1617:30)
    at Module._extensions..js (node:internal/modules/cjs/loader:1310:10)
    at Object.require.extensions.<computed> [as .ts] (C:\Users\siuol\OneDrive\Documents\mn_school_db_v2\node_modules\ts-node\src\index.ts:1621:12)
    at Module.load (node:internal/modules/cjs/loader:1119:32)
    at Function.Module._load (node:internal/modules/cjs/loader:960:12)
    at Module.require (node:internal/modules/cjs/loader:1143:19)
2025-03-24T14:20:55.462Z error: TSError: тип Unable to compile TypeScript:
[96msrc/features/search/controller.ts[0m:[93m251[0m:[93m37[0m - [91merror[0m[90m TS2345: [0mArgument of type 'SearchService' is not assignable to parameter of type 'ISearchService'.
  The types returned by 'globalSearch(...)' are incompatible between these types.
    Type 'Promise<GlobalSearchResultDTO | SearchResultDTO>' is not assignable to type 'Promise<GlobalSearchResultDTO>'.
      Type 'GlobalSearchResultDTO | SearchResultDTO' is not assignable to type 'GlobalSearchResultDTO'.
        Type 'SearchResultDTO' is missing the following properties from type 'GlobalSearchResultDTO': query, totalResults

[7m251[0m export default new SearchController(searchService);
[7m   [0m [91m                                    ~~~~~~~~~~~~~[0m

    at createTSError (C:\Users\siuol\OneDrive\Documents\mn_school_db_v2\node_modules\ts-node\src\index.ts:859:12)
    at reportTSError (C:\Users\siuol\OneDrive\Documents\mn_school_db_v2\node_modules\ts-node\src\index.ts:863:19)
    at getOutput (C:\Users\siuol\OneDrive\Documents\mn_school_db_v2\node_modules\ts-node\src\index.ts:1077:36)
    at Object.compile (C:\Users\siuol\OneDrive\Documents\mn_school_db_v2\node_modules\ts-node\src\index.ts:1433:41)
    at Module.m._compile (C:\Users\siuol\OneDrive\Documents\mn_school_db_v2\node_modules\ts-node\src\index.ts:1617:30)
    at Module._extensions..js (node:internal/modules/cjs/loader:1310:10)
    at Object.require.extensions.<computed> [as .ts] (C:\Users\siuol\OneDrive\Documents\mn_school_db_v2\node_modules\ts-node\src\index.ts:1621:12)
    at Module.load (node:internal/modules/cjs/loader:1119:32)
    at Function.Module._load (node:internal/modules/cjs/loader:960:12)
    at Module.require (node:internal/modules/cjs/loader:1143:19)
2025-03-24T14:23:43.722Z error: TSError: тип Unable to compile TypeScript:
[96msrc/features/search/controller.ts[0m:[93m251[0m:[93m37[0m - [91merror[0m[90m TS2345: [0mArgument of type 'SearchService' is not assignable to parameter of type 'ISearchService'.
  The types returned by 'globalSearch(...)' are incompatible between these types.
    Type 'Promise<GlobalSearchResultDTO | SearchResultDTO>' is not assignable to type 'Promise<GlobalSearchResultDTO>'.
      Type 'GlobalSearchResultDTO | SearchResultDTO' is not assignable to type 'GlobalSearchResultDTO'.
        Type 'SearchResultDTO' is missing the following properties from type 'GlobalSearchResultDTO': query, totalResults

[7m251[0m export default new SearchController(searchService);
[7m   [0m [91m                                    ~~~~~~~~~~~~~[0m

    at createTSError (C:\Users\siuol\OneDrive\Documents\mn_school_db_v2\node_modules\ts-node\src\index.ts:859:12)
    at reportTSError (C:\Users\siuol\OneDrive\Documents\mn_school_db_v2\node_modules\ts-node\src\index.ts:863:19)
    at getOutput (C:\Users\siuol\OneDrive\Documents\mn_school_db_v2\node_modules\ts-node\src\index.ts:1077:36)
    at Object.compile (C:\Users\siuol\OneDrive\Documents\mn_school_db_v2\node_modules\ts-node\src\index.ts:1433:41)
    at Module.m._compile (C:\Users\siuol\OneDrive\Documents\mn_school_db_v2\node_modules\ts-node\src\index.ts:1617:30)
    at Module._extensions..js (node:internal/modules/cjs/loader:1310:10)
    at Object.require.extensions.<computed> [as .ts] (C:\Users\siuol\OneDrive\Documents\mn_school_db_v2\node_modules\ts-node\src\index.ts:1621:12)
    at Module.load (node:internal/modules/cjs/loader:1119:32)
    at Function.Module._load (node:internal/modules/cjs/loader:960:12)
    at Module.require (node:internal/modules/cjs/loader:1143:19)
2025-03-24T23:48:44.670Z error: TSError: тип Unable to compile TypeScript:
[96msrc/features/associations.ts[0m:[93m26[0m:[93m8[0m - [91merror[0m[90m TS1192: [0mModule '"C:/Users/siuol/OneDrive/Documents/mn_school_db_v2/src/features/behavior/behavior_types/model"' has no default export.

[7m26[0m import BehaviorType from "./behavior/behavior_types/model";
[7m  [0m [91m       ~~~~~~~~~~~~[0m
[96msrc/features/associations.ts[0m:[93m27[0m:[93m8[0m - [91merror[0m[90m TS1192: [0mModule '"C:/Users/siuol/OneDrive/Documents/mn_school_db_v2/src/features/behavior/behaviors/model"' has no default export.

[7m27[0m import Behavior from "./behavior/behaviors/model";
[7m  [0m [91m       ~~~~~~~~[0m

    at createTSError (C:\Users\siuol\OneDrive\Documents\mn_school_db_v2\node_modules\ts-node\src\index.ts:859:12)
    at reportTSError (C:\Users\siuol\OneDrive\Documents\mn_school_db_v2\node_modules\ts-node\src\index.ts:863:19)
    at getOutput (C:\Users\siuol\OneDrive\Documents\mn_school_db_v2\node_modules\ts-node\src\index.ts:1077:36)
    at Object.compile (C:\Users\siuol\OneDrive\Documents\mn_school_db_v2\node_modules\ts-node\src\index.ts:1433:41)
    at Module.m._compile (C:\Users\siuol\OneDrive\Documents\mn_school_db_v2\node_modules\ts-node\src\index.ts:1617:30)
    at Module._extensions..js (node:internal/modules/cjs/loader:1310:10)
    at Object.require.extensions.<computed> [as .ts] (C:\Users\siuol\OneDrive\Documents\mn_school_db_v2\node_modules\ts-node\src\index.ts:1621:12)
    at Module.load (node:internal/modules/cjs/loader:1119:32)
    at Function.Module._load (node:internal/modules/cjs/loader:960:12)
    at Module.require (node:internal/modules/cjs/loader:1143:19)
2025-03-24T23:50:13.616Z error: TSError: тип Unable to compile TypeScript:
[96msrc/features/associations.ts[0m:[93m26[0m:[93m8[0m - [91merror[0m[90m TS1192: [0mModule '"C:/Users/siuol/OneDrive/Documents/mn_school_db_v2/src/features/behavior/behavior_types/model"' has no default export.

[7m26[0m import BehaviorType from "./behavior/behavior_types/model";
[7m  [0m [91m       ~~~~~~~~~~~~[0m
[96msrc/features/associations.ts[0m:[93m27[0m:[93m8[0m - [91merror[0m[90m TS1192: [0mModule '"C:/Users/siuol/OneDrive/Documents/mn_school_db_v2/src/features/behavior/behaviors/model"' has no default export.

[7m27[0m import Behavior from "./behavior/behaviors/model";
[7m  [0m [91m       ~~~~~~~~[0m

    at createTSError (C:\Users\siuol\OneDrive\Documents\mn_school_db_v2\node_modules\ts-node\src\index.ts:859:12)
    at reportTSError (C:\Users\siuol\OneDrive\Documents\mn_school_db_v2\node_modules\ts-node\src\index.ts:863:19)
    at getOutput (C:\Users\siuol\OneDrive\Documents\mn_school_db_v2\node_modules\ts-node\src\index.ts:1077:36)
    at Object.compile (C:\Users\siuol\OneDrive\Documents\mn_school_db_v2\node_modules\ts-node\src\index.ts:1433:41)
    at Module.m._compile (C:\Users\siuol\OneDrive\Documents\mn_school_db_v2\node_modules\ts-node\src\index.ts:1617:30)
    at Module._extensions..js (node:internal/modules/cjs/loader:1310:10)
    at Object.require.extensions.<computed> [as .ts] (C:\Users\siuol\OneDrive\Documents\mn_school_db_v2\node_modules\ts-node\src\index.ts:1621:12)
    at Module.load (node:internal/modules/cjs/loader:1119:32)
    at Function.Module._load (node:internal/modules/cjs/loader:960:12)
    at Module.require (node:internal/modules/cjs/loader:1143:19)
2025-03-24T23:53:56.837Z error: TSError: тип Unable to compile TypeScript:
[96msrc/features/associations.ts[0m:[93m26[0m:[93m8[0m - [91merror[0m[90m TS1192: [0mModule '"C:/Users/siuol/OneDrive/Documents/mn_school_db_v2/src/features/behavior/behavior_types/model"' has no default export.

[7m26[0m import BehaviorType from "./behavior/behavior_types/model";
[7m  [0m [91m       ~~~~~~~~~~~~[0m
[96msrc/features/associations.ts[0m:[93m27[0m:[93m8[0m - [91merror[0m[90m TS1192: [0mModule '"C:/Users/siuol/OneDrive/Documents/mn_school_db_v2/src/features/behavior/behaviors/model"' has no default export.

[7m27[0m import Behavior from "./behavior/behaviors/model";
[7m  [0m [91m       ~~~~~~~~[0m

    at createTSError (C:\Users\siuol\OneDrive\Documents\mn_school_db_v2\node_modules\ts-node\src\index.ts:859:12)
    at reportTSError (C:\Users\siuol\OneDrive\Documents\mn_school_db_v2\node_modules\ts-node\src\index.ts:863:19)
    at getOutput (C:\Users\siuol\OneDrive\Documents\mn_school_db_v2\node_modules\ts-node\src\index.ts:1077:36)
    at Object.compile (C:\Users\siuol\OneDrive\Documents\mn_school_db_v2\node_modules\ts-node\src\index.ts:1433:41)
    at Module.m._compile (C:\Users\siuol\OneDrive\Documents\mn_school_db_v2\node_modules\ts-node\src\index.ts:1617:30)
    at Module._extensions..js (node:internal/modules/cjs/loader:1310:10)
    at Object.require.extensions.<computed> [as .ts] (C:\Users\siuol\OneDrive\Documents\mn_school_db_v2\node_modules\ts-node\src\index.ts:1621:12)
    at Module.load (node:internal/modules/cjs/loader:1119:32)
    at Function.Module._load (node:internal/modules/cjs/loader:960:12)
    at Module.require (node:internal/modules/cjs/loader:1143:19)
2025-03-24T23:58:40.505Z error: TSError: тип Unable to compile TypeScript:
[96msrc/features/associations.ts[0m:[93m26[0m:[93m8[0m - [91merror[0m[90m TS1192: [0mModule '"C:/Users/siuol/OneDrive/Documents/mn_school_db_v2/src/features/behavior/behavior_types/model"' has no default export.

[7m26[0m import BehaviorType from "./behavior/behavior_types/model";
[7m  [0m [91m       ~~~~~~~~~~~~[0m
[96msrc/features/associations.ts[0m:[93m27[0m:[93m8[0m - [91merror[0m[90m TS1192: [0mModule '"C:/Users/siuol/OneDrive/Documents/mn_school_db_v2/src/features/behavior/behaviors/model"' has no default export.

[7m27[0m import Behavior from "./behavior/behaviors/model";
[7m  [0m [91m       ~~~~~~~~[0m

    at createTSError (C:\Users\siuol\OneDrive\Documents\mn_school_db_v2\node_modules\ts-node\src\index.ts:859:12)
    at reportTSError (C:\Users\siuol\OneDrive\Documents\mn_school_db_v2\node_modules\ts-node\src\index.ts:863:19)
    at getOutput (C:\Users\siuol\OneDrive\Documents\mn_school_db_v2\node_modules\ts-node\src\index.ts:1077:36)
    at Object.compile (C:\Users\siuol\OneDrive\Documents\mn_school_db_v2\node_modules\ts-node\src\index.ts:1433:41)
    at Module.m._compile (C:\Users\siuol\OneDrive\Documents\mn_school_db_v2\node_modules\ts-node\src\index.ts:1617:30)
    at Module._extensions..js (node:internal/modules/cjs/loader:1310:10)
    at Object.require.extensions.<computed> [as .ts] (C:\Users\siuol\OneDrive\Documents\mn_school_db_v2\node_modules\ts-node\src\index.ts:1621:12)
    at Module.load (node:internal/modules/cjs/loader:1119:32)
    at Function.Module._load (node:internal/modules/cjs/loader:960:12)
    at Module.require (node:internal/modules/cjs/loader:1143:19)
2025-03-25T00:01:49.091Z error: TSError: тип Unable to compile TypeScript:
[96msrc/routes/v1/index.ts[0m:[93m25[0m:[93m8[0m - [91merror[0m[90m TS1192: [0mModule '"C:/Users/siuol/OneDrive/Documents/mn_school_db_v2/src/features/behavior/behavior_types/routes"' has no default export.

[7m25[0m import behaviorTypeRouter from "../../features/behavior/behavior_types/routes";
[7m  [0m [91m       ~~~~~~~~~~~~~~~~~~[0m

    at createTSError (C:\Users\siuol\OneDrive\Documents\mn_school_db_v2\node_modules\ts-node\src\index.ts:859:12)
    at reportTSError (C:\Users\siuol\OneDrive\Documents\mn_school_db_v2\node_modules\ts-node\src\index.ts:863:19)
    at getOutput (C:\Users\siuol\OneDrive\Documents\mn_school_db_v2\node_modules\ts-node\src\index.ts:1077:36)
    at Object.compile (C:\Users\siuol\OneDrive\Documents\mn_school_db_v2\node_modules\ts-node\src\index.ts:1433:41)
    at Module.m._compile (C:\Users\siuol\OneDrive\Documents\mn_school_db_v2\node_modules\ts-node\src\index.ts:1617:30)
    at Module._extensions..js (node:internal/modules/cjs/loader:1310:10)
    at Object.require.extensions.<computed> [as .ts] (C:\Users\siuol\OneDrive\Documents\mn_school_db_v2\node_modules\ts-node\src\index.ts:1621:12)
    at Module.load (node:internal/modules/cjs/loader:1119:32)
    at Function.Module._load (node:internal/modules/cjs/loader:960:12)
    at Module.require (node:internal/modules/cjs/loader:1143:19)
2025-03-25T00:03:12.401Z error: TSError: тип Unable to compile TypeScript:
[96msrc/features/behavior/behavior_types/repository.ts[0m:[93m306[0m:[93m46[0m - [91merror[0m[90m TS2576: [0mProperty 'count' does not exist on type 'Behavior'. Did you mean to access the static member 'Behavior.count' instead?

[7m306[0m               count: parseInt(matchingResult.count, 10),
[7m   [0m [91m                                             ~~~~~[0m

    at createTSError (C:\Users\siuol\OneDrive\Documents\mn_school_db_v2\node_modules\ts-node\src\index.ts:859:12)
    at reportTSError (C:\Users\siuol\OneDrive\Documents\mn_school_db_v2\node_modules\ts-node\src\index.ts:863:19)
    at getOutput (C:\Users\siuol\OneDrive\Documents\mn_school_db_v2\node_modules\ts-node\src\index.ts:1077:36)
    at Object.compile (C:\Users\siuol\OneDrive\Documents\mn_school_db_v2\node_modules\ts-node\src\index.ts:1433:41)
    at Module.m._compile (C:\Users\siuol\OneDrive\Documents\mn_school_db_v2\node_modules\ts-node\src\index.ts:1617:30)
    at Module._extensions..js (node:internal/modules/cjs/loader:1310:10)
    at Object.require.extensions.<computed> [as .ts] (C:\Users\siuol\OneDrive\Documents\mn_school_db_v2\node_modules\ts-node\src\index.ts:1621:12)
    at Module.load (node:internal/modules/cjs/loader:1119:32)
    at Function.Module._load (node:internal/modules/cjs/loader:960:12)
    at Module.require (node:internal/modules/cjs/loader:1143:19)
2025-03-25T00:05:19.547Z error: TSError: тип Unable to compile TypeScript:
[96msrc/features/behavior/behavior_types/repository.ts[0m:[93m306[0m:[93m46[0m - [91merror[0m[90m TS2576: [0mProperty 'count' does not exist on type 'Behavior'. Did you mean to access the static member 'Behavior.count' instead?

[7m306[0m               count: parseInt(matchingResult.count, 10),
[7m   [0m [91m                                             ~~~~~[0m

    at createTSError (C:\Users\siuol\OneDrive\Documents\mn_school_db_v2\node_modules\ts-node\src\index.ts:859:12)
    at reportTSError (C:\Users\siuol\OneDrive\Documents\mn_school_db_v2\node_modules\ts-node\src\index.ts:863:19)
    at getOutput (C:\Users\siuol\OneDrive\Documents\mn_school_db_v2\node_modules\ts-node\src\index.ts:1077:36)
    at Object.compile (C:\Users\siuol\OneDrive\Documents\mn_school_db_v2\node_modules\ts-node\src\index.ts:1433:41)
    at Module.m._compile (C:\Users\siuol\OneDrive\Documents\mn_school_db_v2\node_modules\ts-node\src\index.ts:1617:30)
    at Module._extensions..js (node:internal/modules/cjs/loader:1310:10)
    at Object.require.extensions.<computed> [as .ts] (C:\Users\siuol\OneDrive\Documents\mn_school_db_v2\node_modules\ts-node\src\index.ts:1621:12)
    at Module.load (node:internal/modules/cjs/loader:1119:32)
    at Function.Module._load (node:internal/modules/cjs/loader:960:12)
    at Module.require (node:internal/modules/cjs/loader:1143:19)
2025-03-25T00:09:00.289Z error: TSError: тип Unable to compile TypeScript:
[96msrc/features/behavior/behaviors/repository.ts[0m:[93m204[0m:[93m9[0m - [91merror[0m[90m TS2588: [0mCannot assign to 'where' because it is a constant.

[7m204[0m         where = {
[7m   [0m [91m        ~~~~~[0m
[96msrc/features/behavior/behaviors/repository.ts[0m:[93m426[0m:[93m47[0m - [91merror[0m[90m TS2552: [0mCannot find name 'sequelize'. Did you mean 'Sequelize'?

[7m426[0m       const behaviorsByCategoryResult = await sequelize.query(
[7m   [0m [91m                                              ~~~~~~~~~[0m
[96msrc/features/behavior/behaviors/repository.ts[0m:[93m429[0m:[93m27[0m - [91merror[0m[90m TS2339: [0mProperty 'QueryTypes' does not exist on type 'typeof Sequelize'.

[7m429[0m           type: Sequelize.QueryTypes.SELECT,
[7m   [0m [91m                          ~~~~~~~~~~[0m
[96msrc/features/behavior/behaviors/repository.ts[0m:[93m482[0m:[93m45[0m - [91merror[0m[90m TS2552: [0mCannot find name 'sequelize'. Did you mean 'Sequelize'?

[7m482[0m       const behaviorsPerMonthResult = await sequelize.query(
[7m   [0m [91m                                            ~~~~~~~~~[0m
[96msrc/features/behavior/behaviors/repository.ts[0m:[93m485[0m:[93m27[0m - [91merror[0m[90m TS2339: [0mProperty 'QueryTypes' does not exist on type 'typeof Sequelize'.

[7m485[0m           type: Sequelize.QueryTypes.SELECT,
[7m   [0m [91m                          ~~~~~~~~~~[0m

    at createTSError (C:\Users\siuol\OneDrive\Documents\mn_school_db_v2\node_modules\ts-node\src\index.ts:859:12)
    at reportTSError (C:\Users\siuol\OneDrive\Documents\mn_school_db_v2\node_modules\ts-node\src\index.ts:863:19)
    at getOutput (C:\Users\siuol\OneDrive\Documents\mn_school_db_v2\node_modules\ts-node\src\index.ts:1077:36)
    at Object.compile (C:\Users\siuol\OneDrive\Documents\mn_school_db_v2\node_modules\ts-node\src\index.ts:1433:41)
    at Module.m._compile (C:\Users\siuol\OneDrive\Documents\mn_school_db_v2\node_modules\ts-node\src\index.ts:1617:30)
    at Module._extensions..js (node:internal/modules/cjs/loader:1310:10)
    at Object.require.extensions.<computed> [as .ts] (C:\Users\siuol\OneDrive\Documents\mn_school_db_v2\node_modules\ts-node\src\index.ts:1621:12)
    at Module.load (node:internal/modules/cjs/loader:1119:32)
    at Function.Module._load (node:internal/modules/cjs/loader:960:12)
    at Module.require (node:internal/modules/cjs/loader:1143:19)
